2025-06-28 10:38:49,025 - httpx - INFO - HTTP Request: POST https://api.telegram.org/bot7555815142:AAHy-gudCxhKIs07RyEc8esG9qHOcLm8EbA/getMe "HTTP/1.1 200 OK"
2025-06-28 10:38:49,084 - httpx - INFO - HTTP Request: POST https://api.telegram.org/bot7555815142:AAHy-gudCxhKIs07RyEc8esG9qHOcLm8EbA/deleteWebhook "HTTP/1.1 200 OK"
2025-06-28 10:38:49,087 - apscheduler.scheduler - INFO - Scheduler started
2025-06-28 10:38:49,087 - telegram.ext.Application - INFO - Application started
2025-06-28 10:38:53,851 - httpx - INFO - HTTP Request: POST https://api.telegram.org/bot7555815142:AAHy-gudCxhKIs07RyEc8esG9qHOcLm8EbA/getUpdates "HTTP/1.1 409 Conflict"
2025-06-28 10:38:53,853 - __main__ - ERROR - Exception while handling an update:
Traceback (most recent call last):
  File "C:\Users\admin\Desktop\Новая папка\venv\Lib\site-packages\telegram\ext\_utils\networkloop.py", line 115, in network_retry_loop
    if not await do_action():
           ^^^^^^^^^^^^^^^^^
  File "C:\Users\admin\Desktop\Новая папка\venv\Lib\site-packages\telegram\ext\_utils\networkloop.py", line 108, in do_action
    return action_cb_task.result()
           ~~~~~~~~~~~~~~~~~~~~~^^
  File "C:\Users\admin\Desktop\Новая папка\venv\Lib\site-packages\telegram\ext\_updater.py", line 335, in polling_action_cb
    updates = await self.bot.get_updates(
              ^^^^^^^^^^^^^^^^^^^^^^^^^^^
    ...<3 lines>...
    )
    ^
  File "C:\Users\admin\Desktop\Новая папка\venv\Lib\site-packages\telegram\ext\_extbot.py", line 669, in get_updates
    updates = await super().get_updates(
              ^^^^^^^^^^^^^^^^^^^^^^^^^^
    ...<9 lines>...
    )
    ^
  File "C:\Users\admin\Desktop\Новая папка\venv\Lib\site-packages\telegram\_bot.py", line 4601, in get_updates
    await self._post(
    ^^^^^^^^^^^^^^^^^
    ...<7 lines>...
    ),
    ^
  File "C:\Users\admin\Desktop\Новая папка\venv\Lib\site-packages\telegram\_bot.py", line 697, in _post
    return await self._do_post(
           ^^^^^^^^^^^^^^^^^^^^
    ...<6 lines>...
    )
    ^
  File "C:\Users\admin\Desktop\Новая папка\venv\Lib\site-packages\telegram\ext\_extbot.py", line 369, in _do_post
    return await super()._do_post(
           ^^^^^^^^^^^^^^^^^^^^^^^
    ...<6 lines>...
    )
    ^
  File "C:\Users\admin\Desktop\Новая папка\venv\Lib\site-packages\telegram\_bot.py", line 726, in _do_post
    result = await request.post(
             ^^^^^^^^^^^^^^^^^^^
    ...<6 lines>...
    )
    ^
  File "C:\Users\admin\Desktop\Новая папка\venv\Lib\site-packages\telegram\request\_baserequest.py", line 197, in post
    result = await self._request_wrapper(
             ^^^^^^^^^^^^^^^^^^^^^^^^^^^^
    ...<7 lines>...
    )
    ^
  File "C:\Users\admin\Desktop\Новая папка\venv\Lib\site-packages\telegram\request\_baserequest.py", line 355, in _request_wrapper
    raise Conflict(message)
telegram.error.Conflict: Conflict: terminated by other getUpdates request; make sure that only one bot instance is running
2025-06-28 10:38:53,866 - __main__ - ERROR - Conflict error detected. Bot instance conflict.
2025-06-28 10:38:57,538 - httpx - INFO - HTTP Request: POST https://api.telegram.org/bot7555815142:AAHy-gudCxhKIs07RyEc8esG9qHOcLm8EbA/getMe "HTTP/1.1 200 OK"
2025-06-28 10:38:57,600 - httpx - INFO - HTTP Request: POST https://api.telegram.org/bot7555815142:AAHy-gudCxhKIs07RyEc8esG9qHOcLm8EbA/deleteWebhook "HTTP/1.1 200 OK"
2025-06-28 10:38:57,604 - apscheduler.scheduler - INFO - Scheduler started
2025-06-28 10:38:57,604 - telegram.ext.Application - INFO - Application started
2025-06-28 10:39:03,146 - httpx - INFO - HTTP Request: POST https://api.telegram.org/bot7555815142:AAHy-gudCxhKIs07RyEc8esG9qHOcLm8EbA/getUpdates "HTTP/1.1 409 Conflict"
2025-06-28 10:39:03,148 - __main__ - ERROR - Exception while handling an update:
Traceback (most recent call last):
  File "C:\Users\admin\Desktop\Новая папка\venv\Lib\site-packages\telegram\ext\_utils\networkloop.py", line 115, in network_retry_loop
    if not await do_action():
           ^^^^^^^^^^^^^^^^^
  File "C:\Users\admin\Desktop\Новая папка\venv\Lib\site-packages\telegram\ext\_utils\networkloop.py", line 108, in do_action
    return action_cb_task.result()
           ~~~~~~~~~~~~~~~~~~~~~^^
  File "C:\Users\admin\Desktop\Новая папка\venv\Lib\site-packages\telegram\ext\_updater.py", line 335, in polling_action_cb
    updates = await self.bot.get_updates(
              ^^^^^^^^^^^^^^^^^^^^^^^^^^^
    ...<3 lines>...
    )
    ^
  File "C:\Users\admin\Desktop\Новая папка\venv\Lib\site-packages\telegram\ext\_extbot.py", line 669, in get_updates
    updates = await super().get_updates(
              ^^^^^^^^^^^^^^^^^^^^^^^^^^
    ...<9 lines>...
    )
    ^
  File "C:\Users\admin\Desktop\Новая папка\venv\Lib\site-packages\telegram\_bot.py", line 4601, in get_updates
    await self._post(
    ^^^^^^^^^^^^^^^^^
    ...<7 lines>...
    ),
    ^
  File "C:\Users\admin\Desktop\Новая папка\venv\Lib\site-packages\telegram\_bot.py", line 697, in _post
    return await self._do_post(
           ^^^^^^^^^^^^^^^^^^^^
    ...<6 lines>...
    )
    ^
  File "C:\Users\admin\Desktop\Новая папка\venv\Lib\site-packages\telegram\ext\_extbot.py", line 369, in _do_post
    return await super()._do_post(
           ^^^^^^^^^^^^^^^^^^^^^^^
    ...<6 lines>...
    )
    ^
  File "C:\Users\admin\Desktop\Новая папка\venv\Lib\site-packages\telegram\_bot.py", line 726, in _do_post
    result = await request.post(
             ^^^^^^^^^^^^^^^^^^^
    ...<6 lines>...
    )
    ^
  File "C:\Users\admin\Desktop\Новая папка\venv\Lib\site-packages\telegram\request\_baserequest.py", line 197, in post
    result = await self._request_wrapper(
             ^^^^^^^^^^^^^^^^^^^^^^^^^^^^
    ...<7 lines>...
    )
    ^
  File "C:\Users\admin\Desktop\Новая папка\venv\Lib\site-packages\telegram\request\_baserequest.py", line 355, in _request_wrapper
    raise Conflict(message)
telegram.error.Conflict: Conflict: terminated by other getUpdates request; make sure that only one bot instance is running
2025-06-28 10:39:03,162 - __main__ - ERROR - Conflict error detected. Bot instance conflict.
2025-06-28 10:41:23,319 - httpx - INFO - HTTP Request: POST https://api.telegram.org/bot7555815142:AAHy-gudCxhKIs07RyEc8esG9qHOcLm8EbA/getMe "HTTP/1.1 200 OK"
2025-06-28 10:41:23,382 - httpx - INFO - HTTP Request: POST https://api.telegram.org/bot7555815142:AAHy-gudCxhKIs07RyEc8esG9qHOcLm8EbA/deleteWebhook "HTTP/1.1 200 OK"
2025-06-28 10:41:23,388 - apscheduler.scheduler - INFO - Scheduler started
2025-06-28 10:41:23,390 - telegram.ext.Application - INFO - Application started
2025-06-28 10:41:30,849 - httpx - INFO - HTTP Request: POST https://api.telegram.org/bot7555815142:AAHy-gudCxhKIs07RyEc8esG9qHOcLm8EbA/getUpdates "HTTP/1.1 200 OK"
2025-06-28 10:41:31,051 - httpx - INFO - HTTP Request: POST https://api.telegram.org/bot7555815142:AAHy-gudCxhKIs07RyEc8esG9qHOcLm8EbA/sendMessage "HTTP/1.1 200 OK"
2025-06-28 10:41:32,515 - httpx - INFO - HTTP Request: POST https://api.telegram.org/bot7555815142:AAHy-gudCxhKIs07RyEc8esG9qHOcLm8EbA/getUpdates "HTTP/1.1 200 OK"
2025-06-28 10:41:32,580 - httpx - INFO - HTTP Request: POST https://api.telegram.org/bot7555815142:AAHy-gudCxhKIs07RyEc8esG9qHOcLm8EbA/answerCallbackQuery "HTTP/1.1 200 OK"
2025-06-28 10:41:32,659 - httpx - INFO - HTTP Request: POST https://api.telegram.org/bot7555815142:AAHy-gudCxhKIs07RyEc8esG9qHOcLm8EbA/editMessageText "HTTP/1.1 200 OK"
2025-06-28 10:41:37,643 - httpx - INFO - HTTP Request: POST https://api.telegram.org/bot7555815142:AAHy-gudCxhKIs07RyEc8esG9qHOcLm8EbA/getUpdates "HTTP/1.1 200 OK"
2025-06-28 10:41:37,797 - httpx - INFO - HTTP Request: POST https://api.telegram.org/bot7555815142:AAHy-gudCxhKIs07RyEc8esG9qHOcLm8EbA/sendMessage "HTTP/1.1 200 OK"
2025-06-28 10:41:40,250 - httpx - INFO - HTTP Request: POST https://api.telegram.org/bot7555815142:AAHy-gudCxhKIs07RyEc8esG9qHOcLm8EbA/getUpdates "HTTP/1.1 200 OK"
2025-06-28 10:41:40,413 - httpx - INFO - HTTP Request: POST https://api.telegram.org/bot7555815142:AAHy-gudCxhKIs07RyEc8esG9qHOcLm8EbA/sendMessage "HTTP/1.1 200 OK"
2025-06-28 10:41:43,167 - httpx - INFO - HTTP Request: POST https://api.telegram.org/bot7555815142:AAHy-gudCxhKIs07RyEc8esG9qHOcLm8EbA/getUpdates "HTTP/1.1 200 OK"
2025-06-28 10:41:43,251 - httpx - INFO - HTTP Request: POST https://api.telegram.org/bot7555815142:AAHy-gudCxhKIs07RyEc8esG9qHOcLm8EbA/sendMessage "HTTP/1.1 200 OK"
2025-06-28 10:41:43,411 - httpx - INFO - HTTP Request: POST https://api.telegram.org/bot7555815142:AAHy-gudCxhKIs07RyEc8esG9qHOcLm8EbA/sendMessage "HTTP/1.1 200 OK"
2025-06-28 10:41:43,553 - httpx - INFO - HTTP Request: POST https://api.telegram.org/bot7555815142:AAHy-gudCxhKIs07RyEc8esG9qHOcLm8EbA/sendMessage "HTTP/1.1 200 OK"
2025-06-28 10:41:43,988 - httpx - INFO - HTTP Request: POST https://api.telegram.org/bot7555815142:AAHy-gudCxhKIs07RyEc8esG9qHOcLm8EbA/sendMessage "HTTP/1.1 200 OK"
2025-06-28 10:41:44,400 - httpx - INFO - HTTP Request: POST https://api.telegram.org/bot7555815142:AAHy-gudCxhKIs07RyEc8esG9qHOcLm8EbA/sendMessage "HTTP/1.1 200 OK"
2025-06-28 10:41:49,225 - httpx - INFO - HTTP Request: POST https://api.telegram.org/bot7555815142:AAHy-gudCxhKIs07RyEc8esG9qHOcLm8EbA/getUpdates "HTTP/1.1 200 OK"
2025-06-28 10:41:49,295 - httpx - INFO - HTTP Request: POST https://api.telegram.org/bot7555815142:AAHy-gudCxhKIs07RyEc8esG9qHOcLm8EbA/answerCallbackQuery "HTTP/1.1 200 OK"
2025-06-28 10:41:49,372 - httpx - INFO - HTTP Request: POST https://api.telegram.org/bot7555815142:AAHy-gudCxhKIs07RyEc8esG9qHOcLm8EbA/editMessageText "HTTP/1.1 200 OK"
2025-06-28 10:41:49,456 - httpx - INFO - HTTP Request: POST https://api.telegram.org/bot7555815142:AAHy-gudCxhKIs07RyEc8esG9qHOcLm8EbA/sendMessage "HTTP/1.1 200 OK"
2025-06-28 10:41:51,095 - httpx - INFO - HTTP Request: POST https://api.telegram.org/bot7555815142:AAHy-gudCxhKIs07RyEc8esG9qHOcLm8EbA/getUpdates "HTTP/1.1 200 OK"
2025-06-28 10:41:51,159 - httpx - INFO - HTTP Request: POST https://api.telegram.org/bot7555815142:AAHy-gudCxhKIs07RyEc8esG9qHOcLm8EbA/answerCallbackQuery "HTTP/1.1 200 OK"
2025-06-28 10:41:51,230 - httpx - INFO - HTTP Request: POST https://api.telegram.org/bot7555815142:AAHy-gudCxhKIs07RyEc8esG9qHOcLm8EbA/editMessageText "HTTP/1.1 200 OK"
2025-06-28 10:41:55,156 - httpx - INFO - HTTP Request: POST https://api.telegram.org/bot7555815142:AAHy-gudCxhKIs07RyEc8esG9qHOcLm8EbA/getUpdates "HTTP/1.1 200 OK"
2025-06-28 10:41:55,241 - httpx - INFO - HTTP Request: POST https://api.telegram.org/bot7555815142:AAHy-gudCxhKIs07RyEc8esG9qHOcLm8EbA/sendMessage "HTTP/1.1 200 OK"
2025-06-28 10:41:57,924 - httpx - INFO - HTTP Request: POST https://api.telegram.org/bot7555815142:AAHy-gudCxhKIs07RyEc8esG9qHOcLm8EbA/getUpdates "HTTP/1.1 200 OK"
2025-06-28 10:41:58,005 - httpx - INFO - HTTP Request: POST https://api.telegram.org/bot7555815142:AAHy-gudCxhKIs07RyEc8esG9qHOcLm8EbA/sendMessage "HTTP/1.1 200 OK"
2025-06-28 10:42:00,274 - httpx - INFO - HTTP Request: POST https://api.telegram.org/bot7555815142:AAHy-gudCxhKIs07RyEc8esG9qHOcLm8EbA/getUpdates "HTTP/1.1 200 OK"
2025-06-28 10:42:00,383 - httpx - INFO - HTTP Request: POST https://api.telegram.org/bot7555815142:AAHy-gudCxhKIs07RyEc8esG9qHOcLm8EbA/sendMessage "HTTP/1.1 200 OK"
2025-06-28 10:42:00,491 - httpx - INFO - HTTP Request: POST https://api.telegram.org/bot7555815142:AAHy-gudCxhKIs07RyEc8esG9qHOcLm8EbA/sendMessage "HTTP/1.1 200 OK"
2025-06-28 10:42:00,574 - httpx - INFO - HTTP Request: POST https://api.telegram.org/bot7555815142:AAHy-gudCxhKIs07RyEc8esG9qHOcLm8EbA/sendMessage "HTTP/1.1 200 OK"
2025-06-28 10:42:01,205 - httpx - INFO - HTTP Request: POST https://api.telegram.org/bot7555815142:AAHy-gudCxhKIs07RyEc8esG9qHOcLm8EbA/sendMessage "HTTP/1.1 200 OK"
2025-06-28 10:42:01,710 - httpx - INFO - HTTP Request: POST https://api.telegram.org/bot7555815142:AAHy-gudCxhKIs07RyEc8esG9qHOcLm8EbA/sendMessage "HTTP/1.1 200 OK"
2025-06-28 10:42:06,625 - httpx - INFO - HTTP Request: POST https://api.telegram.org/bot7555815142:AAHy-gudCxhKIs07RyEc8esG9qHOcLm8EbA/getUpdates "HTTP/1.1 200 OK"
2025-06-28 10:42:06,691 - httpx - INFO - HTTP Request: POST https://api.telegram.org/bot7555815142:AAHy-gudCxhKIs07RyEc8esG9qHOcLm8EbA/answerCallbackQuery "HTTP/1.1 200 OK"
2025-06-28 10:42:06,773 - httpx - INFO - HTTP Request: POST https://api.telegram.org/bot7555815142:AAHy-gudCxhKIs07RyEc8esG9qHOcLm8EbA/sendMessage "HTTP/1.1 200 OK"
2025-06-28 10:42:07,171 - httpx - INFO - HTTP Request: POST https://api.telegram.org/bot7555815142:AAHy-gudCxhKIs07RyEc8esG9qHOcLm8EbA/sendMessage "HTTP/1.1 200 OK"
2025-06-28 10:42:07,580 - httpx - INFO - HTTP Request: POST https://api.telegram.org/bot7555815142:AAHy-gudCxhKIs07RyEc8esG9qHOcLm8EbA/sendMessage "HTTP/1.1 200 OK"
2025-06-28 10:42:08,672 - httpx - INFO - HTTP Request: POST https://api.telegram.org/bot7555815142:AAHy-gudCxhKIs07RyEc8esG9qHOcLm8EbA/getUpdates "HTTP/1.1 200 OK"
2025-06-28 10:42:08,736 - httpx - INFO - HTTP Request: POST https://api.telegram.org/bot7555815142:AAHy-gudCxhKIs07RyEc8esG9qHOcLm8EbA/answerCallbackQuery "HTTP/1.1 200 OK"
2025-06-28 10:42:08,845 - httpx - INFO - HTTP Request: POST https://api.telegram.org/bot7555815142:AAHy-gudCxhKIs07RyEc8esG9qHOcLm8EbA/editMessageText "HTTP/1.1 200 OK"
2025-06-28 10:42:18,812 - httpx - INFO - HTTP Request: POST https://api.telegram.org/bot7555815142:AAHy-gudCxhKIs07RyEc8esG9qHOcLm8EbA/getUpdates "HTTP/1.1 200 OK"
2025-06-28 10:42:28,949 - httpx - INFO - HTTP Request: POST https://api.telegram.org/bot7555815142:AAHy-gudCxhKIs07RyEc8esG9qHOcLm8EbA/getUpdates "HTTP/1.1 200 OK"
2025-06-28 10:42:39,088 - httpx - INFO - HTTP Request: POST https://api.telegram.org/bot7555815142:AAHy-gudCxhKIs07RyEc8esG9qHOcLm8EbA/getUpdates "HTTP/1.1 200 OK"
2025-06-28 10:42:49,226 - httpx - INFO - HTTP Request: POST https://api.telegram.org/bot7555815142:AAHy-gudCxhKIs07RyEc8esG9qHOcLm8EbA/getUpdates "HTTP/1.1 200 OK"
2025-06-28 10:42:59,282 - httpx - INFO - HTTP Request: POST https://api.telegram.org/bot7555815142:AAHy-gudCxhKIs07RyEc8esG9qHOcLm8EbA/getUpdates "HTTP/1.1 200 OK"
2025-06-28 10:43:09,340 - httpx - INFO - HTTP Request: POST https://api.telegram.org/bot7555815142:AAHy-gudCxhKIs07RyEc8esG9qHOcLm8EbA/getUpdates "HTTP/1.1 200 OK"
2025-06-28 10:43:19,397 - httpx - INFO - HTTP Request: POST https://api.telegram.org/bot7555815142:AAHy-gudCxhKIs07RyEc8esG9qHOcLm8EbA/getUpdates "HTTP/1.1 200 OK"
2025-06-28 10:43:29,578 - httpx - INFO - HTTP Request: POST https://api.telegram.org/bot7555815142:AAHy-gudCxhKIs07RyEc8esG9qHOcLm8EbA/getUpdates "HTTP/1.1 200 OK"
2025-06-28 10:43:39,716 - httpx - INFO - HTTP Request: POST https://api.telegram.org/bot7555815142:AAHy-gudCxhKIs07RyEc8esG9qHOcLm8EbA/getUpdates "HTTP/1.1 200 OK"
2025-06-28 10:43:49,813 - httpx - INFO - HTTP Request: POST https://api.telegram.org/bot7555815142:AAHy-gudCxhKIs07RyEc8esG9qHOcLm8EbA/getUpdates "HTTP/1.1 200 OK"
2025-06-28 10:43:59,993 - httpx - INFO - HTTP Request: POST https://api.telegram.org/bot7555815142:AAHy-gudCxhKIs07RyEc8esG9qHOcLm8EbA/getUpdates "HTTP/1.1 200 OK"
2025-06-28 10:44:10,056 - httpx - INFO - HTTP Request: POST https://api.telegram.org/bot7555815142:AAHy-gudCxhKIs07RyEc8esG9qHOcLm8EbA/getUpdates "HTTP/1.1 200 OK"
2025-06-28 10:44:20,115 - httpx - INFO - HTTP Request: POST https://api.telegram.org/bot7555815142:AAHy-gudCxhKIs07RyEc8esG9qHOcLm8EbA/getUpdates "HTTP/1.1 200 OK"
2025-06-28 10:44:30,204 - httpx - INFO - HTTP Request: POST https://api.telegram.org/bot7555815142:AAHy-gudCxhKIs07RyEc8esG9qHOcLm8EbA/getUpdates "HTTP/1.1 200 OK"
2025-06-28 10:44:40,342 - httpx - INFO - HTTP Request: POST https://api.telegram.org/bot7555815142:AAHy-gudCxhKIs07RyEc8esG9qHOcLm8EbA/getUpdates "HTTP/1.1 200 OK"
2025-06-28 10:44:50,479 - httpx - INFO - HTTP Request: POST https://api.telegram.org/bot7555815142:AAHy-gudCxhKIs07RyEc8esG9qHOcLm8EbA/getUpdates "HTTP/1.1 200 OK"
2025-06-28 10:48:57,864 - httpx - INFO - HTTP Request: POST https://api.telegram.org/bot7555815142:AAHy-gudCxhKIs07RyEc8esG9qHOcLm8EbA/getMe "HTTP/1.1 200 OK"
2025-06-28 10:48:57,921 - httpx - INFO - HTTP Request: POST https://api.telegram.org/bot7555815142:AAHy-gudCxhKIs07RyEc8esG9qHOcLm8EbA/deleteWebhook "HTTP/1.1 200 OK"
2025-06-28 10:48:57,924 - apscheduler.scheduler - INFO - Scheduler started
2025-06-28 10:48:57,924 - telegram.ext.Application - INFO - Application started
2025-06-28 10:49:08,116 - httpx - INFO - HTTP Request: POST https://api.telegram.org/bot7555815142:AAHy-gudCxhKIs07RyEc8esG9qHOcLm8EbA/getUpdates "HTTP/1.1 200 OK"
2025-06-28 10:49:18,175 - httpx - INFO - HTTP Request: POST https://api.telegram.org/bot7555815142:AAHy-gudCxhKIs07RyEc8esG9qHOcLm8EbA/getUpdates "HTTP/1.1 200 OK"
2025-06-28 10:49:28,233 - httpx - INFO - HTTP Request: POST https://api.telegram.org/bot7555815142:AAHy-gudCxhKIs07RyEc8esG9qHOcLm8EbA/getUpdates "HTTP/1.1 200 OK"
2025-06-28 10:49:38,301 - httpx - INFO - HTTP Request: POST https://api.telegram.org/bot7555815142:AAHy-gudCxhKIs07RyEc8esG9qHOcLm8EbA/getUpdates "HTTP/1.1 200 OK"
2025-06-28 10:49:43,249 - httpx - INFO - HTTP Request: POST https://api.telegram.org/bot7555815142:AAHy-gudCxhKIs07RyEc8esG9qHOcLm8EbA/getUpdates "HTTP/1.1 200 OK"
2025-06-28 10:49:43,440 - httpx - INFO - HTTP Request: POST https://api.telegram.org/bot7555815142:AAHy-gudCxhKIs07RyEc8esG9qHOcLm8EbA/sendMessage "HTTP/1.1 200 OK"
2025-06-28 10:49:44,349 - httpx - INFO - HTTP Request: POST https://api.telegram.org/bot7555815142:AAHy-gudCxhKIs07RyEc8esG9qHOcLm8EbA/getUpdates "HTTP/1.1 200 OK"
2025-06-28 10:49:44,415 - httpx - INFO - HTTP Request: POST https://api.telegram.org/bot7555815142:AAHy-gudCxhKIs07RyEc8esG9qHOcLm8EbA/answerCallbackQuery "HTTP/1.1 200 OK"
2025-06-28 10:49:44,492 - httpx - INFO - HTTP Request: POST https://api.telegram.org/bot7555815142:AAHy-gudCxhKIs07RyEc8esG9qHOcLm8EbA/editMessageText "HTTP/1.1 200 OK"
2025-06-28 10:49:48,746 - httpx - INFO - HTTP Request: POST https://api.telegram.org/bot7555815142:AAHy-gudCxhKIs07RyEc8esG9qHOcLm8EbA/getUpdates "HTTP/1.1 200 OK"
2025-06-28 10:49:48,837 - httpx - INFO - HTTP Request: POST https://api.telegram.org/bot7555815142:AAHy-gudCxhKIs07RyEc8esG9qHOcLm8EbA/sendMessage "HTTP/1.1 200 OK"
2025-06-28 10:49:51,153 - httpx - INFO - HTTP Request: POST https://api.telegram.org/bot7555815142:AAHy-gudCxhKIs07RyEc8esG9qHOcLm8EbA/getUpdates "HTTP/1.1 200 OK"
2025-06-28 10:49:51,234 - httpx - INFO - HTTP Request: POST https://api.telegram.org/bot7555815142:AAHy-gudCxhKIs07RyEc8esG9qHOcLm8EbA/sendMessage "HTTP/1.1 200 OK"
2025-06-28 10:49:53,225 - httpx - INFO - HTTP Request: POST https://api.telegram.org/bot7555815142:AAHy-gudCxhKIs07RyEc8esG9qHOcLm8EbA/getUpdates "HTTP/1.1 200 OK"
2025-06-28 10:49:53,309 - httpx - INFO - HTTP Request: POST https://api.telegram.org/bot7555815142:AAHy-gudCxhKIs07RyEc8esG9qHOcLm8EbA/sendMessage "HTTP/1.1 200 OK"
2025-06-28 10:49:53,407 - httpx - INFO - HTTP Request: POST https://api.telegram.org/bot7555815142:AAHy-gudCxhKIs07RyEc8esG9qHOcLm8EbA/sendMessage "HTTP/1.1 200 OK"
2025-06-28 10:49:53,503 - httpx - INFO - HTTP Request: POST https://api.telegram.org/bot7555815142:AAHy-gudCxhKIs07RyEc8esG9qHOcLm8EbA/sendMessage "HTTP/1.1 200 OK"
2025-06-28 10:49:53,897 - httpx - INFO - HTTP Request: POST https://api.telegram.org/bot7555815142:AAHy-gudCxhKIs07RyEc8esG9qHOcLm8EbA/sendMessage "HTTP/1.1 200 OK"
2025-06-28 10:49:54,298 - httpx - INFO - HTTP Request: POST https://api.telegram.org/bot7555815142:AAHy-gudCxhKIs07RyEc8esG9qHOcLm8EbA/sendMessage "HTTP/1.1 200 OK"
2025-06-28 10:50:00,072 - httpx - INFO - HTTP Request: POST https://api.telegram.org/bot7555815142:AAHy-gudCxhKIs07RyEc8esG9qHOcLm8EbA/getUpdates "HTTP/1.1 200 OK"
2025-06-28 10:50:00,261 - httpx - INFO - HTTP Request: POST https://api.telegram.org/bot7555815142:AAHy-gudCxhKIs07RyEc8esG9qHOcLm8EbA/answerCallbackQuery "HTTP/1.1 200 OK"
2025-06-28 10:50:00,379 - httpx - INFO - HTTP Request: POST https://api.telegram.org/bot7555815142:AAHy-gudCxhKIs07RyEc8esG9qHOcLm8EbA/sendMessage "HTTP/1.1 200 OK"
2025-06-28 10:50:00,782 - httpx - INFO - HTTP Request: POST https://api.telegram.org/bot7555815142:AAHy-gudCxhKIs07RyEc8esG9qHOcLm8EbA/sendMessage "HTTP/1.1 200 OK"
2025-06-28 10:50:01,174 - httpx - INFO - HTTP Request: POST https://api.telegram.org/bot7555815142:AAHy-gudCxhKIs07RyEc8esG9qHOcLm8EbA/sendMessage "HTTP/1.1 200 OK"
2025-06-28 10:50:02,426 - httpx - INFO - HTTP Request: POST https://api.telegram.org/bot7555815142:AAHy-gudCxhKIs07RyEc8esG9qHOcLm8EbA/getUpdates "HTTP/1.1 200 OK"
2025-06-28 10:50:02,489 - httpx - INFO - HTTP Request: POST https://api.telegram.org/bot7555815142:AAHy-gudCxhKIs07RyEc8esG9qHOcLm8EbA/answerCallbackQuery "HTTP/1.1 200 OK"
2025-06-28 10:50:02,559 - httpx - INFO - HTTP Request: POST https://api.telegram.org/bot7555815142:AAHy-gudCxhKIs07RyEc8esG9qHOcLm8EbA/editMessageText "HTTP/1.1 200 OK"
2025-06-28 10:50:02,638 - httpx - INFO - HTTP Request: POST https://api.telegram.org/bot7555815142:AAHy-gudCxhKIs07RyEc8esG9qHOcLm8EbA/sendMessage "HTTP/1.1 200 OK"
2025-06-28 10:50:03,763 - httpx - INFO - HTTP Request: POST https://api.telegram.org/bot7555815142:AAHy-gudCxhKIs07RyEc8esG9qHOcLm8EbA/getUpdates "HTTP/1.1 200 OK"
2025-06-28 10:50:03,846 - httpx - INFO - HTTP Request: POST https://api.telegram.org/bot7555815142:AAHy-gudCxhKIs07RyEc8esG9qHOcLm8EbA/answerCallbackQuery "HTTP/1.1 200 OK"
2025-06-28 10:50:03,937 - httpx - INFO - HTTP Request: POST https://api.telegram.org/bot7555815142:AAHy-gudCxhKIs07RyEc8esG9qHOcLm8EbA/editMessageText "HTTP/1.1 200 OK"
2025-06-28 10:50:08,567 - httpx - INFO - HTTP Request: POST https://api.telegram.org/bot7555815142:AAHy-gudCxhKIs07RyEc8esG9qHOcLm8EbA/getUpdates "HTTP/1.1 200 OK"
2025-06-28 10:50:08,702 - httpx - INFO - HTTP Request: POST https://api.telegram.org/bot7555815142:AAHy-gudCxhKIs07RyEc8esG9qHOcLm8EbA/sendMessage "HTTP/1.1 200 OK"
2025-06-28 10:50:11,299 - httpx - INFO - HTTP Request: POST https://api.telegram.org/bot7555815142:AAHy-gudCxhKIs07RyEc8esG9qHOcLm8EbA/getUpdates "HTTP/1.1 200 OK"
2025-06-28 10:50:11,382 - httpx - INFO - HTTP Request: POST https://api.telegram.org/bot7555815142:AAHy-gudCxhKIs07RyEc8esG9qHOcLm8EbA/sendMessage "HTTP/1.1 200 OK"
2025-06-28 10:50:12,661 - httpx - INFO - HTTP Request: POST https://api.telegram.org/bot7555815142:AAHy-gudCxhKIs07RyEc8esG9qHOcLm8EbA/getUpdates "HTTP/1.1 200 OK"
2025-06-28 10:50:12,743 - httpx - INFO - HTTP Request: POST https://api.telegram.org/bot7555815142:AAHy-gudCxhKIs07RyEc8esG9qHOcLm8EbA/sendMessage "HTTP/1.1 200 OK"
2025-06-28 10:50:12,833 - httpx - INFO - HTTP Request: POST https://api.telegram.org/bot7555815142:AAHy-gudCxhKIs07RyEc8esG9qHOcLm8EbA/sendMessage "HTTP/1.1 200 OK"
2025-06-28 10:50:12,921 - httpx - INFO - HTTP Request: POST https://api.telegram.org/bot7555815142:AAHy-gudCxhKIs07RyEc8esG9qHOcLm8EbA/sendMessage "HTTP/1.1 200 OK"
2025-06-28 10:50:13,320 - httpx - INFO - HTTP Request: POST https://api.telegram.org/bot7555815142:AAHy-gudCxhKIs07RyEc8esG9qHOcLm8EbA/sendMessage "HTTP/1.1 200 OK"
2025-06-28 10:50:16,113 - httpx - INFO - HTTP Request: POST https://api.telegram.org/bot7555815142:AAHy-gudCxhKIs07RyEc8esG9qHOcLm8EbA/getUpdates "HTTP/1.1 200 OK"
2025-06-28 10:50:16,179 - httpx - INFO - HTTP Request: POST https://api.telegram.org/bot7555815142:AAHy-gudCxhKIs07RyEc8esG9qHOcLm8EbA/answerCallbackQuery "HTTP/1.1 200 OK"
2025-06-28 10:50:16,249 - httpx - INFO - HTTP Request: POST https://api.telegram.org/bot7555815142:AAHy-gudCxhKIs07RyEc8esG9qHOcLm8EbA/editMessageText "HTTP/1.1 200 OK"
2025-06-28 10:50:26,175 - httpx - INFO - HTTP Request: POST https://api.telegram.org/bot7555815142:AAHy-gudCxhKIs07RyEc8esG9qHOcLm8EbA/getUpdates "HTTP/1.1 200 OK"
2025-06-28 10:50:36,278 - httpx - INFO - HTTP Request: POST https://api.telegram.org/bot7555815142:AAHy-gudCxhKIs07RyEc8esG9qHOcLm8EbA/getUpdates "HTTP/1.1 200 OK"
2025-06-28 10:50:46,340 - httpx - INFO - HTTP Request: POST https://api.telegram.org/bot7555815142:AAHy-gudCxhKIs07RyEc8esG9qHOcLm8EbA/getUpdates "HTTP/1.1 200 OK"
2025-06-28 11:02:34,281 - httpx - INFO - HTTP Request: POST https://api.telegram.org/bot7555815142:AAHy-gudCxhKIs07RyEc8esG9qHOcLm8EbA/getMe "HTTP/1.1 200 OK"
2025-06-28 11:02:34,338 - httpx - INFO - HTTP Request: POST https://api.telegram.org/bot7555815142:AAHy-gudCxhKIs07RyEc8esG9qHOcLm8EbA/deleteWebhook "HTTP/1.1 200 OK"
2025-06-28 11:02:34,341 - apscheduler.scheduler - INFO - Scheduler started
2025-06-28 11:02:34,341 - telegram.ext.Application - INFO - Application started
2025-06-28 11:02:44,549 - httpx - INFO - HTTP Request: POST https://api.telegram.org/bot7555815142:AAHy-gudCxhKIs07RyEc8esG9qHOcLm8EbA/getUpdates "HTTP/1.1 200 OK"
2025-06-28 11:02:54,685 - httpx - INFO - HTTP Request: POST https://api.telegram.org/bot7555815142:AAHy-gudCxhKIs07RyEc8esG9qHOcLm8EbA/getUpdates "HTTP/1.1 200 OK"
2025-06-28 11:02:57,550 - httpx - INFO - HTTP Request: POST https://api.telegram.org/bot7555815142:AAHy-gudCxhKIs07RyEc8esG9qHOcLm8EbA/getUpdates "HTTP/1.1 200 OK"
2025-06-28 11:02:57,785 - httpx - INFO - HTTP Request: POST https://api.telegram.org/bot7555815142:AAHy-gudCxhKIs07RyEc8esG9qHOcLm8EbA/sendMessage "HTTP/1.1 200 OK"
2025-06-28 11:02:59,293 - httpx - INFO - HTTP Request: POST https://api.telegram.org/bot7555815142:AAHy-gudCxhKIs07RyEc8esG9qHOcLm8EbA/getUpdates "HTTP/1.1 200 OK"
2025-06-28 11:02:59,365 - httpx - INFO - HTTP Request: POST https://api.telegram.org/bot7555815142:AAHy-gudCxhKIs07RyEc8esG9qHOcLm8EbA/answerCallbackQuery "HTTP/1.1 200 OK"
2025-06-28 11:02:59,468 - httpx - INFO - HTTP Request: POST https://api.telegram.org/bot7555815142:AAHy-gudCxhKIs07RyEc8esG9qHOcLm8EbA/editMessageText "HTTP/1.1 200 OK"
2025-06-28 11:03:03,919 - httpx - INFO - HTTP Request: POST https://api.telegram.org/bot7555815142:AAHy-gudCxhKIs07RyEc8esG9qHOcLm8EbA/getUpdates "HTTP/1.1 200 OK"
2025-06-28 11:03:04,022 - httpx - INFO - HTTP Request: POST https://api.telegram.org/bot7555815142:AAHy-gudCxhKIs07RyEc8esG9qHOcLm8EbA/sendMessage "HTTP/1.1 200 OK"
2025-06-28 11:03:06,261 - httpx - INFO - HTTP Request: POST https://api.telegram.org/bot7555815142:AAHy-gudCxhKIs07RyEc8esG9qHOcLm8EbA/getUpdates "HTTP/1.1 200 OK"
2025-06-28 11:03:06,360 - httpx - INFO - HTTP Request: POST https://api.telegram.org/bot7555815142:AAHy-gudCxhKIs07RyEc8esG9qHOcLm8EbA/sendMessage "HTTP/1.1 200 OK"
2025-06-28 11:03:09,740 - httpx - INFO - HTTP Request: POST https://api.telegram.org/bot7555815142:AAHy-gudCxhKIs07RyEc8esG9qHOcLm8EbA/getUpdates "HTTP/1.1 200 OK"
2025-06-28 11:03:09,939 - httpx - INFO - HTTP Request: POST https://api.telegram.org/bot7555815142:AAHy-gudCxhKIs07RyEc8esG9qHOcLm8EbA/sendMessage "HTTP/1.1 200 OK"
2025-06-28 11:03:10,140 - httpx - INFO - HTTP Request: POST https://api.telegram.org/bot7555815142:AAHy-gudCxhKIs07RyEc8esG9qHOcLm8EbA/sendMessage "HTTP/1.1 200 OK"
2025-06-28 11:03:10,328 - httpx - INFO - HTTP Request: POST https://api.telegram.org/bot7555815142:AAHy-gudCxhKIs07RyEc8esG9qHOcLm8EbA/sendMessage "HTTP/1.1 200 OK"
2025-06-28 11:03:10,826 - httpx - INFO - HTTP Request: POST https://api.telegram.org/bot7555815142:AAHy-gudCxhKIs07RyEc8esG9qHOcLm8EbA/sendMessage "HTTP/1.1 200 OK"
2025-06-28 11:03:11,226 - httpx - INFO - HTTP Request: POST https://api.telegram.org/bot7555815142:AAHy-gudCxhKIs07RyEc8esG9qHOcLm8EbA/sendMessage "HTTP/1.1 200 OK"
2025-06-28 11:03:12,911 - httpx - INFO - HTTP Request: POST https://api.telegram.org/bot7555815142:AAHy-gudCxhKIs07RyEc8esG9qHOcLm8EbA/getUpdates "HTTP/1.1 200 OK"
2025-06-28 11:03:12,975 - httpx - INFO - HTTP Request: POST https://api.telegram.org/bot7555815142:AAHy-gudCxhKIs07RyEc8esG9qHOcLm8EbA/answerCallbackQuery "HTTP/1.1 200 OK"
2025-06-28 11:03:13,058 - httpx - INFO - HTTP Request: POST https://api.telegram.org/bot7555815142:AAHy-gudCxhKIs07RyEc8esG9qHOcLm8EbA/sendMessage "HTTP/1.1 200 OK"
2025-06-28 11:03:13,460 - httpx - INFO - HTTP Request: POST https://api.telegram.org/bot7555815142:AAHy-gudCxhKIs07RyEc8esG9qHOcLm8EbA/sendMessage "HTTP/1.1 200 OK"
2025-06-28 11:03:13,898 - httpx - INFO - HTTP Request: POST https://api.telegram.org/bot7555815142:AAHy-gudCxhKIs07RyEc8esG9qHOcLm8EbA/sendMessage "HTTP/1.1 200 OK"
2025-06-28 11:03:15,347 - httpx - INFO - HTTP Request: POST https://api.telegram.org/bot7555815142:AAHy-gudCxhKIs07RyEc8esG9qHOcLm8EbA/getUpdates "HTTP/1.1 200 OK"
2025-06-28 11:03:15,496 - httpx - INFO - HTTP Request: POST https://api.telegram.org/bot7555815142:AAHy-gudCxhKIs07RyEc8esG9qHOcLm8EbA/answerCallbackQuery "HTTP/1.1 200 OK"
2025-06-28 11:03:15,628 - httpx - INFO - HTTP Request: POST https://api.telegram.org/bot7555815142:AAHy-gudCxhKIs07RyEc8esG9qHOcLm8EbA/editMessageText "HTTP/1.1 200 OK"
2025-06-28 11:03:15,741 - httpx - INFO - HTTP Request: POST https://api.telegram.org/bot7555815142:AAHy-gudCxhKIs07RyEc8esG9qHOcLm8EbA/sendMessage "HTTP/1.1 200 OK"
2025-06-28 11:03:16,714 - httpx - INFO - HTTP Request: POST https://api.telegram.org/bot7555815142:AAHy-gudCxhKIs07RyEc8esG9qHOcLm8EbA/getUpdates "HTTP/1.1 200 OK"
2025-06-28 11:03:16,781 - httpx - INFO - HTTP Request: POST https://api.telegram.org/bot7555815142:AAHy-gudCxhKIs07RyEc8esG9qHOcLm8EbA/answerCallbackQuery "HTTP/1.1 200 OK"
2025-06-28 11:03:16,890 - httpx - INFO - HTTP Request: POST https://api.telegram.org/bot7555815142:AAHy-gudCxhKIs07RyEc8esG9qHOcLm8EbA/editMessageText "HTTP/1.1 200 OK"
2025-06-28 11:03:21,540 - httpx - INFO - HTTP Request: POST https://api.telegram.org/bot7555815142:AAHy-gudCxhKIs07RyEc8esG9qHOcLm8EbA/getUpdates "HTTP/1.1 200 OK"
2025-06-28 11:03:21,690 - httpx - INFO - HTTP Request: POST https://api.telegram.org/bot7555815142:AAHy-gudCxhKIs07RyEc8esG9qHOcLm8EbA/sendMessage "HTTP/1.1 200 OK"
2025-06-28 11:03:23,950 - httpx - INFO - HTTP Request: POST https://api.telegram.org/bot7555815142:AAHy-gudCxhKIs07RyEc8esG9qHOcLm8EbA/getUpdates "HTTP/1.1 200 OK"
2025-06-28 11:03:24,024 - httpx - INFO - HTTP Request: POST https://api.telegram.org/bot7555815142:AAHy-gudCxhKIs07RyEc8esG9qHOcLm8EbA/sendMessage "HTTP/1.1 200 OK"
2025-06-28 11:03:25,505 - httpx - INFO - HTTP Request: POST https://api.telegram.org/bot7555815142:AAHy-gudCxhKIs07RyEc8esG9qHOcLm8EbA/getUpdates "HTTP/1.1 200 OK"
2025-06-28 11:03:25,583 - httpx - INFO - HTTP Request: POST https://api.telegram.org/bot7555815142:AAHy-gudCxhKIs07RyEc8esG9qHOcLm8EbA/sendMessage "HTTP/1.1 200 OK"
2025-06-28 11:03:25,672 - httpx - INFO - HTTP Request: POST https://api.telegram.org/bot7555815142:AAHy-gudCxhKIs07RyEc8esG9qHOcLm8EbA/sendMessage "HTTP/1.1 200 OK"
2025-06-28 11:03:25,794 - httpx - INFO - HTTP Request: POST https://api.telegram.org/bot7555815142:AAHy-gudCxhKIs07RyEc8esG9qHOcLm8EbA/sendMessage "HTTP/1.1 200 OK"
2025-06-28 11:03:26,216 - httpx - INFO - HTTP Request: POST https://api.telegram.org/bot7555815142:AAHy-gudCxhKIs07RyEc8esG9qHOcLm8EbA/sendMessage "HTTP/1.1 200 OK"
2025-06-28 11:03:28,739 - httpx - INFO - HTTP Request: POST https://api.telegram.org/bot7555815142:AAHy-gudCxhKIs07RyEc8esG9qHOcLm8EbA/getUpdates "HTTP/1.1 200 OK"
2025-06-28 11:03:28,884 - httpx - INFO - HTTP Request: POST https://api.telegram.org/bot7555815142:AAHy-gudCxhKIs07RyEc8esG9qHOcLm8EbA/answerCallbackQuery "HTTP/1.1 200 OK"
2025-06-28 11:03:29,026 - httpx - INFO - HTTP Request: POST https://api.telegram.org/bot7555815142:AAHy-gudCxhKIs07RyEc8esG9qHOcLm8EbA/editMessageText "HTTP/1.1 200 OK"
2025-06-28 11:03:38,925 - httpx - INFO - HTTP Request: POST https://api.telegram.org/bot7555815142:AAHy-gudCxhKIs07RyEc8esG9qHOcLm8EbA/getUpdates "HTTP/1.1 200 OK"
2025-06-28 11:03:48,993 - httpx - INFO - HTTP Request: POST https://api.telegram.org/bot7555815142:AAHy-gudCxhKIs07RyEc8esG9qHOcLm8EbA/getUpdates "HTTP/1.1 200 OK"
2025-06-28 11:03:59,057 - httpx - INFO - HTTP Request: POST https://api.telegram.org/bot7555815142:AAHy-gudCxhKIs07RyEc8esG9qHOcLm8EbA/getUpdates "HTTP/1.1 200 OK"
2025-06-28 11:04:09,265 - httpx - INFO - HTTP Request: POST https://api.telegram.org/bot7555815142:AAHy-gudCxhKIs07RyEc8esG9qHOcLm8EbA/getUpdates "HTTP/1.1 200 OK"
2025-06-28 11:04:19,379 - httpx - INFO - HTTP Request: POST https://api.telegram.org/bot7555815142:AAHy-gudCxhKIs07RyEc8esG9qHOcLm8EbA/getUpdates "HTTP/1.1 200 OK"
2025-06-28 11:04:29,512 - httpx - INFO - HTTP Request: POST https://api.telegram.org/bot7555815142:AAHy-gudCxhKIs07RyEc8esG9qHOcLm8EbA/getUpdates "HTTP/1.1 200 OK"
2025-06-28 11:04:39,651 - httpx - INFO - HTTP Request: POST https://api.telegram.org/bot7555815142:AAHy-gudCxhKIs07RyEc8esG9qHOcLm8EbA/getUpdates "HTTP/1.1 200 OK"
2025-06-28 11:04:49,790 - httpx - INFO - HTTP Request: POST https://api.telegram.org/bot7555815142:AAHy-gudCxhKIs07RyEc8esG9qHOcLm8EbA/getUpdates "HTTP/1.1 200 OK"
2025-06-28 11:04:59,925 - httpx - INFO - HTTP Request: POST https://api.telegram.org/bot7555815142:AAHy-gudCxhKIs07RyEc8esG9qHOcLm8EbA/getUpdates "HTTP/1.1 200 OK"
2025-06-28 11:05:10,063 - httpx - INFO - HTTP Request: POST https://api.telegram.org/bot7555815142:AAHy-gudCxhKIs07RyEc8esG9qHOcLm8EbA/getUpdates "HTTP/1.1 200 OK"
2025-06-28 11:05:20,121 - httpx - INFO - HTTP Request: POST https://api.telegram.org/bot7555815142:AAHy-gudCxhKIs07RyEc8esG9qHOcLm8EbA/getUpdates "HTTP/1.1 200 OK"
2025-06-28 11:36:31,592 - httpx - INFO - HTTP Request: POST https://api.telegram.org/botYOUR_TELEGRAM_BOT_TOKEN_HERE/getMe "HTTP/1.1 404 Not Found"
2025-06-28 11:36:31,594 - telegram.ext - ERROR - Network Retry Loop (Bootstrap Initialize Application): Invalid token. Aborting retry loop.
Traceback (most recent call last):
  File "C:\Users\admin\AppData\Local\Programs\Python\Python313\Lib\site-packages\telegram\_bot.py", line 844, in initialize
    await self.get_me()
  File "C:\Users\admin\AppData\Local\Programs\Python\Python313\Lib\site-packages\telegram\ext\_extbot.py", line 1980, in get_me
    return await super().get_me(
           ^^^^^^^^^^^^^^^^^^^^^
    ...<5 lines>...
    )
    ^
  File "C:\Users\admin\AppData\Local\Programs\Python\Python313\Lib\site-packages\telegram\_bot.py", line 975, in get_me
    result = await self._post(
             ^^^^^^^^^^^^^^^^^
    ...<6 lines>...
    )
    ^
  File "C:\Users\admin\AppData\Local\Programs\Python\Python313\Lib\site-packages\telegram\_bot.py", line 697, in _post
    return await self._do_post(
           ^^^^^^^^^^^^^^^^^^^^
    ...<6 lines>...
    )
    ^
  File "C:\Users\admin\AppData\Local\Programs\Python\Python313\Lib\site-packages\telegram\ext\_extbot.py", line 369, in _do_post
    return await super()._do_post(
           ^^^^^^^^^^^^^^^^^^^^^^^
    ...<6 lines>...
    )
    ^
  File "C:\Users\admin\AppData\Local\Programs\Python\Python313\Lib\site-packages\telegram\_bot.py", line 726, in _do_post
    result = await request.post(
             ^^^^^^^^^^^^^^^^^^^
    ...<6 lines>...
    )
    ^
  File "C:\Users\admin\AppData\Local\Programs\Python\Python313\Lib\site-packages\telegram\request\_baserequest.py", line 197, in post
    result = await self._request_wrapper(
             ^^^^^^^^^^^^^^^^^^^^^^^^^^^^
    ...<7 lines>...
    )
    ^
  File "C:\Users\admin\AppData\Local\Programs\Python\Python313\Lib\site-packages\telegram\request\_baserequest.py", line 351, in _request_wrapper
    raise InvalidToken(message)
telegram.error.InvalidToken: Not Found

The above exception was the direct cause of the following exception:

Traceback (most recent call last):
  File "C:\Users\admin\AppData\Local\Programs\Python\Python313\Lib\site-packages\telegram\ext\_utils\networkloop.py", line 115, in network_retry_loop
    if not await do_action():
           ^^^^^^^^^^^^^^^^^
  File "C:\Users\admin\AppData\Local\Programs\Python\Python313\Lib\site-packages\telegram\ext\_utils\networkloop.py", line 93, in do_action
    return await action_cb()
           ^^^^^^^^^^^^^^^^^
  File "C:\Users\admin\AppData\Local\Programs\Python\Python313\Lib\site-packages\telegram\ext\_application.py", line 486, in initialize
    await self.bot.initialize()
  File "C:\Users\admin\AppData\Local\Programs\Python\Python313\Lib\site-packages\telegram\ext\_extbot.py", line 315, in initialize
    await super().initialize()
  File "C:\Users\admin\AppData\Local\Programs\Python\Python313\Lib\site-packages\telegram\_bot.py", line 846, in initialize
    raise InvalidToken(f"The token `{self._token}` was rejected by the server.") from exc
telegram.error.InvalidToken: The token `YOUR_TELEGRAM_BOT_TOKEN_HERE` was rejected by the server.
2025-06-28 11:36:31,765 - __main__ - ERROR - Critical error: The token `YOUR_TELEGRAM_BOT_TOKEN_HERE` was rejected by the server.
Traceback (most recent call last):
  File "C:\Users\admin\AppData\Local\Programs\Python\Python313\Lib\site-packages\telegram\_bot.py", line 844, in initialize
    await self.get_me()
  File "C:\Users\admin\AppData\Local\Programs\Python\Python313\Lib\site-packages\telegram\ext\_extbot.py", line 1980, in get_me
    return await super().get_me(
           ^^^^^^^^^^^^^^^^^^^^^
    ...<5 lines>...
    )
    ^
  File "C:\Users\admin\AppData\Local\Programs\Python\Python313\Lib\site-packages\telegram\_bot.py", line 975, in get_me
    result = await self._post(
             ^^^^^^^^^^^^^^^^^
    ...<6 lines>...
    )
    ^
  File "C:\Users\admin\AppData\Local\Programs\Python\Python313\Lib\site-packages\telegram\_bot.py", line 697, in _post
    return await self._do_post(
           ^^^^^^^^^^^^^^^^^^^^
    ...<6 lines>...
    )
    ^
  File "C:\Users\admin\AppData\Local\Programs\Python\Python313\Lib\site-packages\telegram\ext\_extbot.py", line 369, in _do_post
    return await super()._do_post(
           ^^^^^^^^^^^^^^^^^^^^^^^
    ...<6 lines>...
    )
    ^
  File "C:\Users\admin\AppData\Local\Programs\Python\Python313\Lib\site-packages\telegram\_bot.py", line 726, in _do_post
    result = await request.post(
             ^^^^^^^^^^^^^^^^^^^
    ...<6 lines>...
    )
    ^
  File "C:\Users\admin\AppData\Local\Programs\Python\Python313\Lib\site-packages\telegram\request\_baserequest.py", line 197, in post
    result = await self._request_wrapper(
             ^^^^^^^^^^^^^^^^^^^^^^^^^^^^
    ...<7 lines>...
    )
    ^
  File "C:\Users\admin\AppData\Local\Programs\Python\Python313\Lib\site-packages\telegram\request\_baserequest.py", line 351, in _request_wrapper
    raise InvalidToken(message)
telegram.error.InvalidToken: Not Found

The above exception was the direct cause of the following exception:

Traceback (most recent call last):
  File "C:\Users\admin\Desktop\AI1\Real_Estate_Bot\bot.py", line 474, in main
    application.run_polling(allowed_updates=Update.ALL_TYPES)
    ~~~~~~~~~~~~~~~~~~~~~~~^^^^^^^^^^^^^^^^^^^^^^^^^^^^^^^^^^
  File "C:\Users\admin\AppData\Local\Programs\Python\Python313\Lib\site-packages\telegram\ext\_application.py", line 832, in run_polling
    return self.__run(
           ~~~~~~~~~~^
        updater_coroutine=self.updater.start_polling(
        ^^^^^^^^^^^^^^^^^^^^^^^^^^^^^^^^^^^^^^^^^^^^^
    ...<9 lines>...
        close_loop=close_loop,
        ^^^^^^^^^^^^^^^^^^^^^^
    )
    ^
  File "C:\Users\admin\AppData\Local\Programs\Python\Python313\Lib\site-packages\telegram\ext\_application.py", line 1042, in __run
    loop.run_until_complete(self._bootstrap_initialize(max_retries=bootstrap_retries))
    ~~~~~~~~~~~~~~~~~~~~~~~^^^^^^^^^^^^^^^^^^^^^^^^^^^^^^^^^^^^^^^^^^^^^^^^^^^^^^^^^^^
  File "C:\Users\admin\AppData\Local\Programs\Python\Python313\Lib\asyncio\base_events.py", line 725, in run_until_complete
    return future.result()
           ~~~~~~~~~~~~~^^
  File "C:\Users\admin\AppData\Local\Programs\Python\Python313\Lib\site-packages\telegram\ext\_application.py", line 1007, in _bootstrap_initialize
    await network_retry_loop(
    ...<4 lines>...
    )
  File "C:\Users\admin\AppData\Local\Programs\Python\Python313\Lib\site-packages\telegram\ext\_utils\networkloop.py", line 115, in network_retry_loop
    if not await do_action():
           ^^^^^^^^^^^^^^^^^
  File "C:\Users\admin\AppData\Local\Programs\Python\Python313\Lib\site-packages\telegram\ext\_utils\networkloop.py", line 93, in do_action
    return await action_cb()
           ^^^^^^^^^^^^^^^^^
  File "C:\Users\admin\AppData\Local\Programs\Python\Python313\Lib\site-packages\telegram\ext\_application.py", line 486, in initialize
    await self.bot.initialize()
  File "C:\Users\admin\AppData\Local\Programs\Python\Python313\Lib\site-packages\telegram\ext\_extbot.py", line 315, in initialize
    await super().initialize()
  File "C:\Users\admin\AppData\Local\Programs\Python\Python313\Lib\site-packages\telegram\_bot.py", line 846, in initialize
    raise InvalidToken(f"The token `{self._token}` was rejected by the server.") from exc
telegram.error.InvalidToken: The token `YOUR_TELEGRAM_BOT_TOKEN_HERE` was rejected by the server.
2025-06-28 11:36:57,399 - httpx - INFO - HTTP Request: POST https://api.telegram.org/botYOUR_TELEGRAM_BOT_TOKEN_HERE/getMe "HTTP/1.1 404 Not Found"
2025-06-28 11:36:57,401 - telegram.ext - ERROR - Network Retry Loop (Bootstrap Initialize Application): Invalid token. Aborting retry loop.
Traceback (most recent call last):
  File "C:\Users\admin\AppData\Local\Programs\Python\Python313\Lib\site-packages\telegram\_bot.py", line 844, in initialize
    await self.get_me()
  File "C:\Users\admin\AppData\Local\Programs\Python\Python313\Lib\site-packages\telegram\ext\_extbot.py", line 1980, in get_me
    return await super().get_me(
           ^^^^^^^^^^^^^^^^^^^^^
    ...<5 lines>...
    )
    ^
  File "C:\Users\admin\AppData\Local\Programs\Python\Python313\Lib\site-packages\telegram\_bot.py", line 975, in get_me
    result = await self._post(
             ^^^^^^^^^^^^^^^^^
    ...<6 lines>...
    )
    ^
  File "C:\Users\admin\AppData\Local\Programs\Python\Python313\Lib\site-packages\telegram\_bot.py", line 697, in _post
    return await self._do_post(
           ^^^^^^^^^^^^^^^^^^^^
    ...<6 lines>...
    )
    ^
  File "C:\Users\admin\AppData\Local\Programs\Python\Python313\Lib\site-packages\telegram\ext\_extbot.py", line 369, in _do_post
    return await super()._do_post(
           ^^^^^^^^^^^^^^^^^^^^^^^
    ...<6 lines>...
    )
    ^
  File "C:\Users\admin\AppData\Local\Programs\Python\Python313\Lib\site-packages\telegram\_bot.py", line 726, in _do_post
    result = await request.post(
             ^^^^^^^^^^^^^^^^^^^
    ...<6 lines>...
    )
    ^
  File "C:\Users\admin\AppData\Local\Programs\Python\Python313\Lib\site-packages\telegram\request\_baserequest.py", line 197, in post
    result = await self._request_wrapper(
             ^^^^^^^^^^^^^^^^^^^^^^^^^^^^
    ...<7 lines>...
    )
    ^
  File "C:\Users\admin\AppData\Local\Programs\Python\Python313\Lib\site-packages\telegram\request\_baserequest.py", line 351, in _request_wrapper
    raise InvalidToken(message)
telegram.error.InvalidToken: Not Found

The above exception was the direct cause of the following exception:

Traceback (most recent call last):
  File "C:\Users\admin\AppData\Local\Programs\Python\Python313\Lib\site-packages\telegram\ext\_utils\networkloop.py", line 115, in network_retry_loop
    if not await do_action():
           ^^^^^^^^^^^^^^^^^
  File "C:\Users\admin\AppData\Local\Programs\Python\Python313\Lib\site-packages\telegram\ext\_utils\networkloop.py", line 93, in do_action
    return await action_cb()
           ^^^^^^^^^^^^^^^^^
  File "C:\Users\admin\AppData\Local\Programs\Python\Python313\Lib\site-packages\telegram\ext\_application.py", line 486, in initialize
    await self.bot.initialize()
  File "C:\Users\admin\AppData\Local\Programs\Python\Python313\Lib\site-packages\telegram\ext\_extbot.py", line 315, in initialize
    await super().initialize()
  File "C:\Users\admin\AppData\Local\Programs\Python\Python313\Lib\site-packages\telegram\_bot.py", line 846, in initialize
    raise InvalidToken(f"The token `{self._token}` was rejected by the server.") from exc
telegram.error.InvalidToken: The token `YOUR_TELEGRAM_BOT_TOKEN_HERE` was rejected by the server.
2025-06-28 11:36:57,414 - __main__ - ERROR - Critical error: The token `YOUR_TELEGRAM_BOT_TOKEN_HERE` was rejected by the server.
Traceback (most recent call last):
  File "C:\Users\admin\AppData\Local\Programs\Python\Python313\Lib\site-packages\telegram\_bot.py", line 844, in initialize
    await self.get_me()
  File "C:\Users\admin\AppData\Local\Programs\Python\Python313\Lib\site-packages\telegram\ext\_extbot.py", line 1980, in get_me
    return await super().get_me(
           ^^^^^^^^^^^^^^^^^^^^^
    ...<5 lines>...
    )
    ^
  File "C:\Users\admin\AppData\Local\Programs\Python\Python313\Lib\site-packages\telegram\_bot.py", line 975, in get_me
    result = await self._post(
             ^^^^^^^^^^^^^^^^^
    ...<6 lines>...
    )
    ^
  File "C:\Users\admin\AppData\Local\Programs\Python\Python313\Lib\site-packages\telegram\_bot.py", line 697, in _post
    return await self._do_post(
           ^^^^^^^^^^^^^^^^^^^^
    ...<6 lines>...
    )
    ^
  File "C:\Users\admin\AppData\Local\Programs\Python\Python313\Lib\site-packages\telegram\ext\_extbot.py", line 369, in _do_post
    return await super()._do_post(
           ^^^^^^^^^^^^^^^^^^^^^^^
    ...<6 lines>...
    )
    ^
  File "C:\Users\admin\AppData\Local\Programs\Python\Python313\Lib\site-packages\telegram\_bot.py", line 726, in _do_post
    result = await request.post(
             ^^^^^^^^^^^^^^^^^^^
    ...<6 lines>...
    )
    ^
  File "C:\Users\admin\AppData\Local\Programs\Python\Python313\Lib\site-packages\telegram\request\_baserequest.py", line 197, in post
    result = await self._request_wrapper(
             ^^^^^^^^^^^^^^^^^^^^^^^^^^^^
    ...<7 lines>...
    )
    ^
  File "C:\Users\admin\AppData\Local\Programs\Python\Python313\Lib\site-packages\telegram\request\_baserequest.py", line 351, in _request_wrapper
    raise InvalidToken(message)
telegram.error.InvalidToken: Not Found

The above exception was the direct cause of the following exception:

Traceback (most recent call last):
  File "C:\Users\admin\Desktop\AI1\Real_Estate_Bot\bot.py", line 471, in main
    application.run_polling(allowed_updates=Update.ALL_TYPES)
    ~~~~~~~~~~~~~~~~~~~~~~~^^^^^^^^^^^^^^^^^^^^^^^^^^^^^^^^^^
  File "C:\Users\admin\AppData\Local\Programs\Python\Python313\Lib\site-packages\telegram\ext\_application.py", line 832, in run_polling
    return self.__run(
           ~~~~~~~~~~^
        updater_coroutine=self.updater.start_polling(
        ^^^^^^^^^^^^^^^^^^^^^^^^^^^^^^^^^^^^^^^^^^^^^
    ...<9 lines>...
        close_loop=close_loop,
        ^^^^^^^^^^^^^^^^^^^^^^
    )
    ^
  File "C:\Users\admin\AppData\Local\Programs\Python\Python313\Lib\site-packages\telegram\ext\_application.py", line 1042, in __run
    loop.run_until_complete(self._bootstrap_initialize(max_retries=bootstrap_retries))
    ~~~~~~~~~~~~~~~~~~~~~~~^^^^^^^^^^^^^^^^^^^^^^^^^^^^^^^^^^^^^^^^^^^^^^^^^^^^^^^^^^^
  File "C:\Users\admin\AppData\Local\Programs\Python\Python313\Lib\asyncio\base_events.py", line 725, in run_until_complete
    return future.result()
           ~~~~~~~~~~~~~^^
  File "C:\Users\admin\AppData\Local\Programs\Python\Python313\Lib\site-packages\telegram\ext\_application.py", line 1007, in _bootstrap_initialize
    await network_retry_loop(
    ...<4 lines>...
    )
  File "C:\Users\admin\AppData\Local\Programs\Python\Python313\Lib\site-packages\telegram\ext\_utils\networkloop.py", line 115, in network_retry_loop
    if not await do_action():
           ^^^^^^^^^^^^^^^^^
  File "C:\Users\admin\AppData\Local\Programs\Python\Python313\Lib\site-packages\telegram\ext\_utils\networkloop.py", line 93, in do_action
    return await action_cb()
           ^^^^^^^^^^^^^^^^^
  File "C:\Users\admin\AppData\Local\Programs\Python\Python313\Lib\site-packages\telegram\ext\_application.py", line 486, in initialize
    await self.bot.initialize()
  File "C:\Users\admin\AppData\Local\Programs\Python\Python313\Lib\site-packages\telegram\ext\_extbot.py", line 315, in initialize
    await super().initialize()
  File "C:\Users\admin\AppData\Local\Programs\Python\Python313\Lib\site-packages\telegram\_bot.py", line 846, in initialize
    raise InvalidToken(f"The token `{self._token}` was rejected by the server.") from exc
telegram.error.InvalidToken: The token `YOUR_TELEGRAM_BOT_TOKEN_HERE` was rejected by the server.
2025-06-28 11:38:40,699 - __main__ - ERROR - Please set your Telegram Bot Token in config.py
2025-06-28 11:39:00,264 - httpx - INFO - HTTP Request: POST https://api.telegram.org/botYOUR_TELEGRAM_BOT_TOKEN_HERE/getMe "HTTP/1.1 404 Not Found"
2025-06-28 11:39:00,266 - telegram.ext - ERROR - Network Retry Loop (Bootstrap Initialize Application): Invalid token. Aborting retry loop.
Traceback (most recent call last):
  File "C:\Users\admin\AppData\Local\Programs\Python\Python313\Lib\site-packages\telegram\_bot.py", line 844, in initialize
    await self.get_me()
  File "C:\Users\admin\AppData\Local\Programs\Python\Python313\Lib\site-packages\telegram\ext\_extbot.py", line 1980, in get_me
    return await super().get_me(
           ^^^^^^^^^^^^^^^^^^^^^
    ...<5 lines>...
    )
    ^
  File "C:\Users\admin\AppData\Local\Programs\Python\Python313\Lib\site-packages\telegram\_bot.py", line 975, in get_me
    result = await self._post(
             ^^^^^^^^^^^^^^^^^
    ...<6 lines>...
    )
    ^
  File "C:\Users\admin\AppData\Local\Programs\Python\Python313\Lib\site-packages\telegram\_bot.py", line 697, in _post
    return await self._do_post(
           ^^^^^^^^^^^^^^^^^^^^
    ...<6 lines>...
    )
    ^
  File "C:\Users\admin\AppData\Local\Programs\Python\Python313\Lib\site-packages\telegram\ext\_extbot.py", line 369, in _do_post
    return await super()._do_post(
           ^^^^^^^^^^^^^^^^^^^^^^^
    ...<6 lines>...
    )
    ^
  File "C:\Users\admin\AppData\Local\Programs\Python\Python313\Lib\site-packages\telegram\_bot.py", line 726, in _do_post
    result = await request.post(
             ^^^^^^^^^^^^^^^^^^^
    ...<6 lines>...
    )
    ^
  File "C:\Users\admin\AppData\Local\Programs\Python\Python313\Lib\site-packages\telegram\request\_baserequest.py", line 197, in post
    result = await self._request_wrapper(
             ^^^^^^^^^^^^^^^^^^^^^^^^^^^^
    ...<7 lines>...
    )
    ^
  File "C:\Users\admin\AppData\Local\Programs\Python\Python313\Lib\site-packages\telegram\request\_baserequest.py", line 351, in _request_wrapper
    raise InvalidToken(message)
telegram.error.InvalidToken: Not Found

The above exception was the direct cause of the following exception:

Traceback (most recent call last):
  File "C:\Users\admin\AppData\Local\Programs\Python\Python313\Lib\site-packages\telegram\ext\_utils\networkloop.py", line 115, in network_retry_loop
    if not await do_action():
           ^^^^^^^^^^^^^^^^^
  File "C:\Users\admin\AppData\Local\Programs\Python\Python313\Lib\site-packages\telegram\ext\_utils\networkloop.py", line 93, in do_action
    return await action_cb()
           ^^^^^^^^^^^^^^^^^
  File "C:\Users\admin\AppData\Local\Programs\Python\Python313\Lib\site-packages\telegram\ext\_application.py", line 486, in initialize
    await self.bot.initialize()
  File "C:\Users\admin\AppData\Local\Programs\Python\Python313\Lib\site-packages\telegram\ext\_extbot.py", line 315, in initialize
    await super().initialize()
  File "C:\Users\admin\AppData\Local\Programs\Python\Python313\Lib\site-packages\telegram\_bot.py", line 846, in initialize
    raise InvalidToken(f"The token `{self._token}` was rejected by the server.") from exc
telegram.error.InvalidToken: The token `YOUR_TELEGRAM_BOT_TOKEN_HERE` was rejected by the server.
2025-06-28 11:39:00,280 - __main__ - ERROR - Critical error: The token `YOUR_TELEGRAM_BOT_TOKEN_HERE` was rejected by the server.
Traceback (most recent call last):
  File "C:\Users\admin\AppData\Local\Programs\Python\Python313\Lib\site-packages\telegram\_bot.py", line 844, in initialize
    await self.get_me()
  File "C:\Users\admin\AppData\Local\Programs\Python\Python313\Lib\site-packages\telegram\ext\_extbot.py", line 1980, in get_me
    return await super().get_me(
           ^^^^^^^^^^^^^^^^^^^^^
    ...<5 lines>...
    )
    ^
  File "C:\Users\admin\AppData\Local\Programs\Python\Python313\Lib\site-packages\telegram\_bot.py", line 975, in get_me
    result = await self._post(
             ^^^^^^^^^^^^^^^^^
    ...<6 lines>...
    )
    ^
  File "C:\Users\admin\AppData\Local\Programs\Python\Python313\Lib\site-packages\telegram\_bot.py", line 697, in _post
    return await self._do_post(
           ^^^^^^^^^^^^^^^^^^^^
    ...<6 lines>...
    )
    ^
  File "C:\Users\admin\AppData\Local\Programs\Python\Python313\Lib\site-packages\telegram\ext\_extbot.py", line 369, in _do_post
    return await super()._do_post(
           ^^^^^^^^^^^^^^^^^^^^^^^
    ...<6 lines>...
    )
    ^
  File "C:\Users\admin\AppData\Local\Programs\Python\Python313\Lib\site-packages\telegram\_bot.py", line 726, in _do_post
    result = await request.post(
             ^^^^^^^^^^^^^^^^^^^
    ...<6 lines>...
    )
    ^
  File "C:\Users\admin\AppData\Local\Programs\Python\Python313\Lib\site-packages\telegram\request\_baserequest.py", line 197, in post
    result = await self._request_wrapper(
             ^^^^^^^^^^^^^^^^^^^^^^^^^^^^
    ...<7 lines>...
    )
    ^
  File "C:\Users\admin\AppData\Local\Programs\Python\Python313\Lib\site-packages\telegram\request\_baserequest.py", line 351, in _request_wrapper
    raise InvalidToken(message)
telegram.error.InvalidToken: Not Found

The above exception was the direct cause of the following exception:

Traceback (most recent call last):
  File "C:\Users\admin\Desktop\AI1\Real_Estate_Bot\bot.py", line 471, in main
    application.run_polling(allowed_updates=Update.ALL_TYPES)
    ~~~~~~~~~~~~~~~~~~~~~~~^^^^^^^^^^^^^^^^^^^^^^^^^^^^^^^^^^
  File "C:\Users\admin\AppData\Local\Programs\Python\Python313\Lib\site-packages\telegram\ext\_application.py", line 832, in run_polling
    return self.__run(
           ~~~~~~~~~~^
        updater_coroutine=self.updater.start_polling(
        ^^^^^^^^^^^^^^^^^^^^^^^^^^^^^^^^^^^^^^^^^^^^^
    ...<9 lines>...
        close_loop=close_loop,
        ^^^^^^^^^^^^^^^^^^^^^^
    )
    ^
  File "C:\Users\admin\AppData\Local\Programs\Python\Python313\Lib\site-packages\telegram\ext\_application.py", line 1042, in __run
    loop.run_until_complete(self._bootstrap_initialize(max_retries=bootstrap_retries))
    ~~~~~~~~~~~~~~~~~~~~~~~^^^^^^^^^^^^^^^^^^^^^^^^^^^^^^^^^^^^^^^^^^^^^^^^^^^^^^^^^^^
  File "C:\Users\admin\AppData\Local\Programs\Python\Python313\Lib\asyncio\base_events.py", line 725, in run_until_complete
    return future.result()
           ~~~~~~~~~~~~~^^
  File "C:\Users\admin\AppData\Local\Programs\Python\Python313\Lib\site-packages\telegram\ext\_application.py", line 1007, in _bootstrap_initialize
    await network_retry_loop(
    ...<4 lines>...
    )
  File "C:\Users\admin\AppData\Local\Programs\Python\Python313\Lib\site-packages\telegram\ext\_utils\networkloop.py", line 115, in network_retry_loop
    if not await do_action():
           ^^^^^^^^^^^^^^^^^
  File "C:\Users\admin\AppData\Local\Programs\Python\Python313\Lib\site-packages\telegram\ext\_utils\networkloop.py", line 93, in do_action
    return await action_cb()
           ^^^^^^^^^^^^^^^^^
  File "C:\Users\admin\AppData\Local\Programs\Python\Python313\Lib\site-packages\telegram\ext\_application.py", line 486, in initialize
    await self.bot.initialize()
  File "C:\Users\admin\AppData\Local\Programs\Python\Python313\Lib\site-packages\telegram\ext\_extbot.py", line 315, in initialize
    await super().initialize()
  File "C:\Users\admin\AppData\Local\Programs\Python\Python313\Lib\site-packages\telegram\_bot.py", line 846, in initialize
    raise InvalidToken(f"The token `{self._token}` was rejected by the server.") from exc
telegram.error.InvalidToken: The token `YOUR_TELEGRAM_BOT_TOKEN_HERE` was rejected by the server.
2025-06-28 11:39:39,036 - httpx - INFO - HTTP Request: POST https://api.telegram.org/botYOUR_TELEGRAM_BOT_TOKEN_HERE/getMe "HTTP/1.1 404 Not Found"
2025-06-28 11:39:39,040 - telegram.ext - ERROR - Network Retry Loop (Bootstrap Initialize Application): Invalid token. Aborting retry loop.
Traceback (most recent call last):
  File "C:\Users\admin\AppData\Local\Programs\Python\Python313\Lib\site-packages\telegram\_bot.py", line 844, in initialize
    await self.get_me()
  File "C:\Users\admin\AppData\Local\Programs\Python\Python313\Lib\site-packages\telegram\ext\_extbot.py", line 1980, in get_me
    return await super().get_me(
           ^^^^^^^^^^^^^^^^^^^^^
    ...<5 lines>...
    )
    ^
  File "C:\Users\admin\AppData\Local\Programs\Python\Python313\Lib\site-packages\telegram\_bot.py", line 975, in get_me
    result = await self._post(
             ^^^^^^^^^^^^^^^^^
    ...<6 lines>...
    )
    ^
  File "C:\Users\admin\AppData\Local\Programs\Python\Python313\Lib\site-packages\telegram\_bot.py", line 697, in _post
    return await self._do_post(
           ^^^^^^^^^^^^^^^^^^^^
    ...<6 lines>...
    )
    ^
  File "C:\Users\admin\AppData\Local\Programs\Python\Python313\Lib\site-packages\telegram\ext\_extbot.py", line 369, in _do_post
    return await super()._do_post(
           ^^^^^^^^^^^^^^^^^^^^^^^
    ...<6 lines>...
    )
    ^
  File "C:\Users\admin\AppData\Local\Programs\Python\Python313\Lib\site-packages\telegram\_bot.py", line 726, in _do_post
    result = await request.post(
             ^^^^^^^^^^^^^^^^^^^
    ...<6 lines>...
    )
    ^
  File "C:\Users\admin\AppData\Local\Programs\Python\Python313\Lib\site-packages\telegram\request\_baserequest.py", line 197, in post
    result = await self._request_wrapper(
             ^^^^^^^^^^^^^^^^^^^^^^^^^^^^
    ...<7 lines>...
    )
    ^
  File "C:\Users\admin\AppData\Local\Programs\Python\Python313\Lib\site-packages\telegram\request\_baserequest.py", line 351, in _request_wrapper
    raise InvalidToken(message)
telegram.error.InvalidToken: Not Found

The above exception was the direct cause of the following exception:

Traceback (most recent call last):
  File "C:\Users\admin\AppData\Local\Programs\Python\Python313\Lib\site-packages\telegram\ext\_utils\networkloop.py", line 115, in network_retry_loop
    if not await do_action():
           ^^^^^^^^^^^^^^^^^
  File "C:\Users\admin\AppData\Local\Programs\Python\Python313\Lib\site-packages\telegram\ext\_utils\networkloop.py", line 93, in do_action
    return await action_cb()
           ^^^^^^^^^^^^^^^^^
  File "C:\Users\admin\AppData\Local\Programs\Python\Python313\Lib\site-packages\telegram\ext\_application.py", line 486, in initialize
    await self.bot.initialize()
  File "C:\Users\admin\AppData\Local\Programs\Python\Python313\Lib\site-packages\telegram\ext\_extbot.py", line 315, in initialize
    await super().initialize()
  File "C:\Users\admin\AppData\Local\Programs\Python\Python313\Lib\site-packages\telegram\_bot.py", line 846, in initialize
    raise InvalidToken(f"The token `{self._token}` was rejected by the server.") from exc
telegram.error.InvalidToken: The token `YOUR_TELEGRAM_BOT_TOKEN_HERE` was rejected by the server.
2025-06-28 11:39:39,053 - __main__ - ERROR - Critical error: The token `YOUR_TELEGRAM_BOT_TOKEN_HERE` was rejected by the server.
Traceback (most recent call last):
  File "C:\Users\admin\AppData\Local\Programs\Python\Python313\Lib\site-packages\telegram\_bot.py", line 844, in initialize
    await self.get_me()
  File "C:\Users\admin\AppData\Local\Programs\Python\Python313\Lib\site-packages\telegram\ext\_extbot.py", line 1980, in get_me
    return await super().get_me(
           ^^^^^^^^^^^^^^^^^^^^^
    ...<5 lines>...
    )
    ^
  File "C:\Users\admin\AppData\Local\Programs\Python\Python313\Lib\site-packages\telegram\_bot.py", line 975, in get_me
    result = await self._post(
             ^^^^^^^^^^^^^^^^^
    ...<6 lines>...
    )
    ^
  File "C:\Users\admin\AppData\Local\Programs\Python\Python313\Lib\site-packages\telegram\_bot.py", line 697, in _post
    return await self._do_post(
           ^^^^^^^^^^^^^^^^^^^^
    ...<6 lines>...
    )
    ^
  File "C:\Users\admin\AppData\Local\Programs\Python\Python313\Lib\site-packages\telegram\ext\_extbot.py", line 369, in _do_post
    return await super()._do_post(
           ^^^^^^^^^^^^^^^^^^^^^^^
    ...<6 lines>...
    )
    ^
  File "C:\Users\admin\AppData\Local\Programs\Python\Python313\Lib\site-packages\telegram\_bot.py", line 726, in _do_post
    result = await request.post(
             ^^^^^^^^^^^^^^^^^^^
    ...<6 lines>...
    )
    ^
  File "C:\Users\admin\AppData\Local\Programs\Python\Python313\Lib\site-packages\telegram\request\_baserequest.py", line 197, in post
    result = await self._request_wrapper(
             ^^^^^^^^^^^^^^^^^^^^^^^^^^^^
    ...<7 lines>...
    )
    ^
  File "C:\Users\admin\AppData\Local\Programs\Python\Python313\Lib\site-packages\telegram\request\_baserequest.py", line 351, in _request_wrapper
    raise InvalidToken(message)
telegram.error.InvalidToken: Not Found

The above exception was the direct cause of the following exception:

Traceback (most recent call last):
  File "C:\Users\admin\Desktop\AI1\Real_Estate_Bot\bot.py", line 470, in main
    application.run_polling(allowed_updates=Update.ALL_TYPES)
    ~~~~~~~~~~~~~~~~~~~~~~~^^^^^^^^^^^^^^^^^^^^^^^^^^^^^^^^^^
  File "C:\Users\admin\AppData\Local\Programs\Python\Python313\Lib\site-packages\telegram\ext\_application.py", line 832, in run_polling
    return self.__run(
           ~~~~~~~~~~^
        updater_coroutine=self.updater.start_polling(
        ^^^^^^^^^^^^^^^^^^^^^^^^^^^^^^^^^^^^^^^^^^^^^
    ...<9 lines>...
        close_loop=close_loop,
        ^^^^^^^^^^^^^^^^^^^^^^
    )
    ^
  File "C:\Users\admin\AppData\Local\Programs\Python\Python313\Lib\site-packages\telegram\ext\_application.py", line 1042, in __run
    loop.run_until_complete(self._bootstrap_initialize(max_retries=bootstrap_retries))
    ~~~~~~~~~~~~~~~~~~~~~~~^^^^^^^^^^^^^^^^^^^^^^^^^^^^^^^^^^^^^^^^^^^^^^^^^^^^^^^^^^^
  File "C:\Users\admin\AppData\Local\Programs\Python\Python313\Lib\asyncio\base_events.py", line 725, in run_until_complete
    return future.result()
           ~~~~~~~~~~~~~^^
  File "C:\Users\admin\AppData\Local\Programs\Python\Python313\Lib\site-packages\telegram\ext\_application.py", line 1007, in _bootstrap_initialize
    await network_retry_loop(
    ...<4 lines>...
    )
  File "C:\Users\admin\AppData\Local\Programs\Python\Python313\Lib\site-packages\telegram\ext\_utils\networkloop.py", line 115, in network_retry_loop
    if not await do_action():
           ^^^^^^^^^^^^^^^^^
  File "C:\Users\admin\AppData\Local\Programs\Python\Python313\Lib\site-packages\telegram\ext\_utils\networkloop.py", line 93, in do_action
    return await action_cb()
           ^^^^^^^^^^^^^^^^^
  File "C:\Users\admin\AppData\Local\Programs\Python\Python313\Lib\site-packages\telegram\ext\_application.py", line 486, in initialize
    await self.bot.initialize()
  File "C:\Users\admin\AppData\Local\Programs\Python\Python313\Lib\site-packages\telegram\ext\_extbot.py", line 315, in initialize
    await super().initialize()
  File "C:\Users\admin\AppData\Local\Programs\Python\Python313\Lib\site-packages\telegram\_bot.py", line 846, in initialize
    raise InvalidToken(f"The token `{self._token}` was rejected by the server.") from exc
telegram.error.InvalidToken: The token `YOUR_TELEGRAM_BOT_TOKEN_HERE` was rejected by the server.
2025-06-28 11:40:01,586 - httpx - INFO - HTTP Request: POST https://api.telegram.org/botYOUR_TELEGRAM_BOT_TOKEN_HERE/getMe "HTTP/1.1 404 Not Found"
2025-06-28 11:40:01,588 - telegram.ext - ERROR - Network Retry Loop (Bootstrap Initialize Application): Invalid token. Aborting retry loop.
Traceback (most recent call last):
  File "C:\Users\admin\AppData\Local\Programs\Python\Python313\Lib\site-packages\telegram\_bot.py", line 844, in initialize
    await self.get_me()
  File "C:\Users\admin\AppData\Local\Programs\Python\Python313\Lib\site-packages\telegram\ext\_extbot.py", line 1980, in get_me
    return await super().get_me(
           ^^^^^^^^^^^^^^^^^^^^^
    ...<5 lines>...
    )
    ^
  File "C:\Users\admin\AppData\Local\Programs\Python\Python313\Lib\site-packages\telegram\_bot.py", line 975, in get_me
    result = await self._post(
             ^^^^^^^^^^^^^^^^^
    ...<6 lines>...
    )
    ^
  File "C:\Users\admin\AppData\Local\Programs\Python\Python313\Lib\site-packages\telegram\_bot.py", line 697, in _post
    return await self._do_post(
           ^^^^^^^^^^^^^^^^^^^^
    ...<6 lines>...
    )
    ^
  File "C:\Users\admin\AppData\Local\Programs\Python\Python313\Lib\site-packages\telegram\ext\_extbot.py", line 369, in _do_post
    return await super()._do_post(
           ^^^^^^^^^^^^^^^^^^^^^^^
    ...<6 lines>...
    )
    ^
  File "C:\Users\admin\AppData\Local\Programs\Python\Python313\Lib\site-packages\telegram\_bot.py", line 726, in _do_post
    result = await request.post(
             ^^^^^^^^^^^^^^^^^^^
    ...<6 lines>...
    )
    ^
  File "C:\Users\admin\AppData\Local\Programs\Python\Python313\Lib\site-packages\telegram\request\_baserequest.py", line 197, in post
    result = await self._request_wrapper(
             ^^^^^^^^^^^^^^^^^^^^^^^^^^^^
    ...<7 lines>...
    )
    ^
  File "C:\Users\admin\AppData\Local\Programs\Python\Python313\Lib\site-packages\telegram\request\_baserequest.py", line 351, in _request_wrapper
    raise InvalidToken(message)
telegram.error.InvalidToken: Not Found

The above exception was the direct cause of the following exception:

Traceback (most recent call last):
  File "C:\Users\admin\AppData\Local\Programs\Python\Python313\Lib\site-packages\telegram\ext\_utils\networkloop.py", line 115, in network_retry_loop
    if not await do_action():
           ^^^^^^^^^^^^^^^^^
  File "C:\Users\admin\AppData\Local\Programs\Python\Python313\Lib\site-packages\telegram\ext\_utils\networkloop.py", line 93, in do_action
    return await action_cb()
           ^^^^^^^^^^^^^^^^^
  File "C:\Users\admin\AppData\Local\Programs\Python\Python313\Lib\site-packages\telegram\ext\_application.py", line 486, in initialize
    await self.bot.initialize()
  File "C:\Users\admin\AppData\Local\Programs\Python\Python313\Lib\site-packages\telegram\ext\_extbot.py", line 315, in initialize
    await super().initialize()
  File "C:\Users\admin\AppData\Local\Programs\Python\Python313\Lib\site-packages\telegram\_bot.py", line 846, in initialize
    raise InvalidToken(f"The token `{self._token}` was rejected by the server.") from exc
telegram.error.InvalidToken: The token `YOUR_TELEGRAM_BOT_TOKEN_HERE` was rejected by the server.
2025-06-28 11:40:01,601 - __main__ - ERROR - Critical error: The token `YOUR_TELEGRAM_BOT_TOKEN_HERE` was rejected by the server.
Traceback (most recent call last):
  File "C:\Users\admin\AppData\Local\Programs\Python\Python313\Lib\site-packages\telegram\_bot.py", line 844, in initialize
    await self.get_me()
  File "C:\Users\admin\AppData\Local\Programs\Python\Python313\Lib\site-packages\telegram\ext\_extbot.py", line 1980, in get_me
    return await super().get_me(
           ^^^^^^^^^^^^^^^^^^^^^
    ...<5 lines>...
    )
    ^
  File "C:\Users\admin\AppData\Local\Programs\Python\Python313\Lib\site-packages\telegram\_bot.py", line 975, in get_me
    result = await self._post(
             ^^^^^^^^^^^^^^^^^
    ...<6 lines>...
    )
    ^
  File "C:\Users\admin\AppData\Local\Programs\Python\Python313\Lib\site-packages\telegram\_bot.py", line 697, in _post
    return await self._do_post(
           ^^^^^^^^^^^^^^^^^^^^
    ...<6 lines>...
    )
    ^
  File "C:\Users\admin\AppData\Local\Programs\Python\Python313\Lib\site-packages\telegram\ext\_extbot.py", line 369, in _do_post
    return await super()._do_post(
           ^^^^^^^^^^^^^^^^^^^^^^^
    ...<6 lines>...
    )
    ^
  File "C:\Users\admin\AppData\Local\Programs\Python\Python313\Lib\site-packages\telegram\_bot.py", line 726, in _do_post
    result = await request.post(
             ^^^^^^^^^^^^^^^^^^^
    ...<6 lines>...
    )
    ^
  File "C:\Users\admin\AppData\Local\Programs\Python\Python313\Lib\site-packages\telegram\request\_baserequest.py", line 197, in post
    result = await self._request_wrapper(
             ^^^^^^^^^^^^^^^^^^^^^^^^^^^^
    ...<7 lines>...
    )
    ^
  File "C:\Users\admin\AppData\Local\Programs\Python\Python313\Lib\site-packages\telegram\request\_baserequest.py", line 351, in _request_wrapper
    raise InvalidToken(message)
telegram.error.InvalidToken: Not Found

The above exception was the direct cause of the following exception:

Traceback (most recent call last):
  File "C:\Users\admin\Desktop\AI1\Real_Estate_Bot\bot.py", line 471, in main
    application.run_polling(allowed_updates=Update.ALL_TYPES)
    ~~~~~~~~~~~~~~~~~~~~~~~^^^^^^^^^^^^^^^^^^^^^^^^^^^^^^^^^^
  File "C:\Users\admin\AppData\Local\Programs\Python\Python313\Lib\site-packages\telegram\ext\_application.py", line 832, in run_polling
    return self.__run(
           ~~~~~~~~~~^
        updater_coroutine=self.updater.start_polling(
        ^^^^^^^^^^^^^^^^^^^^^^^^^^^^^^^^^^^^^^^^^^^^^
    ...<9 lines>...
        close_loop=close_loop,
        ^^^^^^^^^^^^^^^^^^^^^^
    )
    ^
  File "C:\Users\admin\AppData\Local\Programs\Python\Python313\Lib\site-packages\telegram\ext\_application.py", line 1042, in __run
    loop.run_until_complete(self._bootstrap_initialize(max_retries=bootstrap_retries))
    ~~~~~~~~~~~~~~~~~~~~~~~^^^^^^^^^^^^^^^^^^^^^^^^^^^^^^^^^^^^^^^^^^^^^^^^^^^^^^^^^^^
  File "C:\Users\admin\AppData\Local\Programs\Python\Python313\Lib\asyncio\base_events.py", line 725, in run_until_complete
    return future.result()
           ~~~~~~~~~~~~~^^
  File "C:\Users\admin\AppData\Local\Programs\Python\Python313\Lib\site-packages\telegram\ext\_application.py", line 1007, in _bootstrap_initialize
    await network_retry_loop(
    ...<4 lines>...
    )
  File "C:\Users\admin\AppData\Local\Programs\Python\Python313\Lib\site-packages\telegram\ext\_utils\networkloop.py", line 115, in network_retry_loop
    if not await do_action():
           ^^^^^^^^^^^^^^^^^
  File "C:\Users\admin\AppData\Local\Programs\Python\Python313\Lib\site-packages\telegram\ext\_utils\networkloop.py", line 93, in do_action
    return await action_cb()
           ^^^^^^^^^^^^^^^^^
  File "C:\Users\admin\AppData\Local\Programs\Python\Python313\Lib\site-packages\telegram\ext\_application.py", line 486, in initialize
    await self.bot.initialize()
  File "C:\Users\admin\AppData\Local\Programs\Python\Python313\Lib\site-packages\telegram\ext\_extbot.py", line 315, in initialize
    await super().initialize()
  File "C:\Users\admin\AppData\Local\Programs\Python\Python313\Lib\site-packages\telegram\_bot.py", line 846, in initialize
    raise InvalidToken(f"The token `{self._token}` was rejected by the server.") from exc
telegram.error.InvalidToken: The token `YOUR_TELEGRAM_BOT_TOKEN_HERE` was rejected by the server.
2025-06-28 11:40:30,810 - httpx - INFO - HTTP Request: POST https://api.telegram.org/bot7555815142:AAHy-gudCxhKIs07RyEc8esG9qHOcLm8EbA/getMe "HTTP/1.1 200 OK"
2025-06-28 11:40:30,869 - httpx - INFO - HTTP Request: POST https://api.telegram.org/bot7555815142:AAHy-gudCxhKIs07RyEc8esG9qHOcLm8EbA/deleteWebhook "HTTP/1.1 200 OK"
2025-06-28 11:40:30,871 - telegram.ext.Application - INFO - Application started
2025-06-28 11:40:31,046 - httpx - INFO - HTTP Request: POST https://api.telegram.org/bot7555815142:AAHy-gudCxhKIs07RyEc8esG9qHOcLm8EbA/getUpdates "HTTP/1.1 200 OK"
2025-06-28 11:40:31,151 - httpx - INFO - HTTP Request: POST https://api.telegram.org/bot7555815142:AAHy-gudCxhKIs07RyEc8esG9qHOcLm8EbA/sendMessage "HTTP/1.1 200 OK"
2025-06-28 11:40:37,651 - httpx - INFO - HTTP Request: POST https://api.telegram.org/bot7555815142:AAHy-gudCxhKIs07RyEc8esG9qHOcLm8EbA/getUpdates "HTTP/1.1 200 OK"
2025-06-28 11:40:37,858 - httpx - INFO - HTTP Request: POST https://api.telegram.org/bot7555815142:AAHy-gudCxhKIs07RyEc8esG9qHOcLm8EbA/answerCallbackQuery "HTTP/1.1 200 OK"
2025-06-28 11:40:37,976 - httpx - INFO - HTTP Request: POST https://api.telegram.org/bot7555815142:AAHy-gudCxhKIs07RyEc8esG9qHOcLm8EbA/editMessageText "HTTP/1.1 200 OK"
2025-06-28 11:40:42,466 - httpx - INFO - HTTP Request: POST https://api.telegram.org/bot7555815142:AAHy-gudCxhKIs07RyEc8esG9qHOcLm8EbA/getUpdates "HTTP/1.1 200 OK"
2025-06-28 11:40:42,541 - httpx - INFO - HTTP Request: POST https://api.telegram.org/bot7555815142:AAHy-gudCxhKIs07RyEc8esG9qHOcLm8EbA/sendMessage "HTTP/1.1 200 OK"
2025-06-28 11:40:44,449 - httpx - INFO - HTTP Request: POST https://api.telegram.org/bot7555815142:AAHy-gudCxhKIs07RyEc8esG9qHOcLm8EbA/getUpdates "HTTP/1.1 200 OK"
2025-06-28 11:40:44,624 - httpx - INFO - HTTP Request: POST https://api.telegram.org/bot7555815142:AAHy-gudCxhKIs07RyEc8esG9qHOcLm8EbA/sendMessage "HTTP/1.1 200 OK"
2025-06-28 11:40:45,641 - httpx - INFO - HTTP Request: POST https://api.telegram.org/bot7555815142:AAHy-gudCxhKIs07RyEc8esG9qHOcLm8EbA/getUpdates "HTTP/1.1 200 OK"
2025-06-28 11:40:45,857 - httpx - INFO - HTTP Request: POST https://api.telegram.org/bot7555815142:AAHy-gudCxhKIs07RyEc8esG9qHOcLm8EbA/sendMessage "HTTP/1.1 200 OK"
2025-06-28 11:40:45,959 - httpx - INFO - HTTP Request: POST https://api.telegram.org/bot7555815142:AAHy-gudCxhKIs07RyEc8esG9qHOcLm8EbA/sendMessage "HTTP/1.1 200 OK"
2025-06-28 11:40:46,063 - httpx - INFO - HTTP Request: POST https://api.telegram.org/bot7555815142:AAHy-gudCxhKIs07RyEc8esG9qHOcLm8EbA/sendMessage "HTTP/1.1 200 OK"
2025-06-28 11:40:46,463 - httpx - INFO - HTTP Request: POST https://api.telegram.org/bot7555815142:AAHy-gudCxhKIs07RyEc8esG9qHOcLm8EbA/sendMessage "HTTP/1.1 200 OK"
2025-06-28 11:40:46,861 - httpx - INFO - HTTP Request: POST https://api.telegram.org/bot7555815142:AAHy-gudCxhKIs07RyEc8esG9qHOcLm8EbA/sendMessage "HTTP/1.1 200 OK"
2025-06-28 11:40:48,177 - httpx - INFO - HTTP Request: POST https://api.telegram.org/bot7555815142:AAHy-gudCxhKIs07RyEc8esG9qHOcLm8EbA/getUpdates "HTTP/1.1 200 OK"
2025-06-28 11:40:48,301 - httpx - INFO - HTTP Request: POST https://api.telegram.org/bot7555815142:AAHy-gudCxhKIs07RyEc8esG9qHOcLm8EbA/answerCallbackQuery "HTTP/1.1 200 OK"
2025-06-28 11:40:48,431 - httpx - INFO - HTTP Request: POST https://api.telegram.org/bot7555815142:AAHy-gudCxhKIs07RyEc8esG9qHOcLm8EbA/sendMessage "HTTP/1.1 200 OK"
2025-06-28 11:40:48,831 - httpx - INFO - HTTP Request: POST https://api.telegram.org/bot7555815142:AAHy-gudCxhKIs07RyEc8esG9qHOcLm8EbA/sendMessage "HTTP/1.1 200 OK"
2025-06-28 11:40:49,292 - httpx - INFO - HTTP Request: POST https://api.telegram.org/bot7555815142:AAHy-gudCxhKIs07RyEc8esG9qHOcLm8EbA/sendMessage "HTTP/1.1 200 OK"
2025-06-28 11:40:50,862 - httpx - INFO - HTTP Request: POST https://api.telegram.org/bot7555815142:AAHy-gudCxhKIs07RyEc8esG9qHOcLm8EbA/getUpdates "HTTP/1.1 200 OK"
2025-06-28 11:40:50,970 - httpx - INFO - HTTP Request: POST https://api.telegram.org/bot7555815142:AAHy-gudCxhKIs07RyEc8esG9qHOcLm8EbA/answerCallbackQuery "HTTP/1.1 200 OK"
2025-06-28 11:40:51,139 - httpx - INFO - HTTP Request: POST https://api.telegram.org/bot7555815142:AAHy-gudCxhKIs07RyEc8esG9qHOcLm8EbA/editMessageText "HTTP/1.1 200 OK"
2025-06-28 11:40:51,298 - httpx - INFO - HTTP Request: POST https://api.telegram.org/bot7555815142:AAHy-gudCxhKIs07RyEc8esG9qHOcLm8EbA/sendMessage "HTTP/1.1 200 OK"
2025-06-28 11:40:52,744 - httpx - INFO - HTTP Request: POST https://api.telegram.org/bot7555815142:AAHy-gudCxhKIs07RyEc8esG9qHOcLm8EbA/getUpdates "HTTP/1.1 200 OK"
2025-06-28 11:40:52,962 - httpx - INFO - HTTP Request: POST https://api.telegram.org/bot7555815142:AAHy-gudCxhKIs07RyEc8esG9qHOcLm8EbA/answerCallbackQuery "HTTP/1.1 200 OK"
2025-06-28 11:40:53,158 - httpx - INFO - HTTP Request: POST https://api.telegram.org/bot7555815142:AAHy-gudCxhKIs07RyEc8esG9qHOcLm8EbA/editMessageText "HTTP/1.1 200 OK"
2025-06-28 11:40:56,375 - httpx - INFO - HTTP Request: POST https://api.telegram.org/bot7555815142:AAHy-gudCxhKIs07RyEc8esG9qHOcLm8EbA/getUpdates "HTTP/1.1 200 OK"
2025-06-28 11:40:56,453 - httpx - INFO - HTTP Request: POST https://api.telegram.org/bot7555815142:AAHy-gudCxhKIs07RyEc8esG9qHOcLm8EbA/sendMessage "HTTP/1.1 200 OK"
2025-06-28 11:40:58,506 - httpx - INFO - HTTP Request: POST https://api.telegram.org/bot7555815142:AAHy-gudCxhKIs07RyEc8esG9qHOcLm8EbA/getUpdates "HTTP/1.1 200 OK"
2025-06-28 11:40:58,683 - httpx - INFO - HTTP Request: POST https://api.telegram.org/bot7555815142:AAHy-gudCxhKIs07RyEc8esG9qHOcLm8EbA/sendMessage "HTTP/1.1 200 OK"
2025-06-28 11:40:59,669 - httpx - INFO - HTTP Request: POST https://api.telegram.org/bot7555815142:AAHy-gudCxhKIs07RyEc8esG9qHOcLm8EbA/getUpdates "HTTP/1.1 200 OK"
2025-06-28 11:40:59,829 - httpx - INFO - HTTP Request: POST https://api.telegram.org/bot7555815142:AAHy-gudCxhKIs07RyEc8esG9qHOcLm8EbA/sendMessage "HTTP/1.1 200 OK"
2025-06-28 11:40:59,928 - httpx - INFO - HTTP Request: POST https://api.telegram.org/bot7555815142:AAHy-gudCxhKIs07RyEc8esG9qHOcLm8EbA/sendMessage "HTTP/1.1 200 OK"
2025-06-28 11:41:00,019 - httpx - INFO - HTTP Request: POST https://api.telegram.org/bot7555815142:AAHy-gudCxhKIs07RyEc8esG9qHOcLm8EbA/sendMessage "HTTP/1.1 200 OK"
2025-06-28 11:41:00,418 - httpx - INFO - HTTP Request: POST https://api.telegram.org/bot7555815142:AAHy-gudCxhKIs07RyEc8esG9qHOcLm8EbA/sendMessage "HTTP/1.1 200 OK"
2025-06-28 11:41:00,830 - httpx - INFO - HTTP Request: POST https://api.telegram.org/bot7555815142:AAHy-gudCxhKIs07RyEc8esG9qHOcLm8EbA/sendMessage "HTTP/1.1 200 OK"
2025-06-28 11:41:03,483 - httpx - INFO - HTTP Request: POST https://api.telegram.org/bot7555815142:AAHy-gudCxhKIs07RyEc8esG9qHOcLm8EbA/getUpdates "HTTP/1.1 200 OK"
2025-06-28 11:41:03,552 - httpx - INFO - HTTP Request: POST https://api.telegram.org/bot7555815142:AAHy-gudCxhKIs07RyEc8esG9qHOcLm8EbA/answerCallbackQuery "HTTP/1.1 200 OK"
2025-06-28 11:41:03,635 - httpx - INFO - HTTP Request: POST https://api.telegram.org/bot7555815142:AAHy-gudCxhKIs07RyEc8esG9qHOcLm8EbA/editMessageText "HTTP/1.1 200 OK"
2025-06-28 11:41:04,688 - httpx - INFO - HTTP Request: POST https://api.telegram.org/bot7555815142:AAHy-gudCxhKIs07RyEc8esG9qHOcLm8EbA/getUpdates "HTTP/1.1 200 OK"
2025-06-28 11:41:04,769 - httpx - INFO - HTTP Request: POST https://api.telegram.org/bot7555815142:AAHy-gudCxhKIs07RyEc8esG9qHOcLm8EbA/sendMessage "HTTP/1.1 200 OK"
2025-06-28 11:41:06,223 - httpx - INFO - HTTP Request: POST https://api.telegram.org/bot7555815142:AAHy-gudCxhKIs07RyEc8esG9qHOcLm8EbA/getUpdates "HTTP/1.1 200 OK"
2025-06-28 11:41:06,293 - httpx - INFO - HTTP Request: POST https://api.telegram.org/bot7555815142:AAHy-gudCxhKIs07RyEc8esG9qHOcLm8EbA/answerCallbackQuery "HTTP/1.1 200 OK"
2025-06-28 11:41:06,395 - httpx - INFO - HTTP Request: POST https://api.telegram.org/bot7555815142:AAHy-gudCxhKIs07RyEc8esG9qHOcLm8EbA/editMessageText "HTTP/1.1 200 OK"
2025-06-28 11:41:09,517 - httpx - INFO - HTTP Request: POST https://api.telegram.org/bot7555815142:AAHy-gudCxhKIs07RyEc8esG9qHOcLm8EbA/getUpdates "HTTP/1.1 200 OK"
2025-06-28 11:41:09,605 - httpx - INFO - HTTP Request: POST https://api.telegram.org/bot7555815142:AAHy-gudCxhKIs07RyEc8esG9qHOcLm8EbA/sendMessage "HTTP/1.1 200 OK"
2025-06-28 11:41:12,175 - httpx - INFO - HTTP Request: POST https://api.telegram.org/bot7555815142:AAHy-gudCxhKIs07RyEc8esG9qHOcLm8EbA/getUpdates "HTTP/1.1 200 OK"
2025-06-28 11:41:12,275 - httpx - INFO - HTTP Request: POST https://api.telegram.org/bot7555815142:AAHy-gudCxhKIs07RyEc8esG9qHOcLm8EbA/sendMessage "HTTP/1.1 200 OK"
2025-06-28 11:41:13,291 - httpx - INFO - HTTP Request: POST https://api.telegram.org/bot7555815142:AAHy-gudCxhKIs07RyEc8esG9qHOcLm8EbA/getUpdates "HTTP/1.1 200 OK"
2025-06-28 11:41:13,372 - httpx - INFO - HTTP Request: POST https://api.telegram.org/bot7555815142:AAHy-gudCxhKIs07RyEc8esG9qHOcLm8EbA/sendMessage "HTTP/1.1 200 OK"
2025-06-28 11:41:13,461 - httpx - INFO - HTTP Request: POST https://api.telegram.org/bot7555815142:AAHy-gudCxhKIs07RyEc8esG9qHOcLm8EbA/sendMessage "HTTP/1.1 200 OK"
2025-06-28 11:41:13,547 - httpx - INFO - HTTP Request: POST https://api.telegram.org/bot7555815142:AAHy-gudCxhKIs07RyEc8esG9qHOcLm8EbA/sendMessage "HTTP/1.1 200 OK"
2025-06-28 11:41:13,951 - httpx - INFO - HTTP Request: POST https://api.telegram.org/bot7555815142:AAHy-gudCxhKIs07RyEc8esG9qHOcLm8EbA/sendMessage "HTTP/1.1 200 OK"
2025-06-28 11:41:15,880 - httpx - INFO - HTTP Request: POST https://api.telegram.org/bot7555815142:AAHy-gudCxhKIs07RyEc8esG9qHOcLm8EbA/getUpdates "HTTP/1.1 200 OK"
2025-06-28 11:41:15,947 - httpx - INFO - HTTP Request: POST https://api.telegram.org/bot7555815142:AAHy-gudCxhKIs07RyEc8esG9qHOcLm8EbA/answerCallbackQuery "HTTP/1.1 200 OK"
2025-06-28 11:41:16,037 - httpx - INFO - HTTP Request: POST https://api.telegram.org/bot7555815142:AAHy-gudCxhKIs07RyEc8esG9qHOcLm8EbA/editMessageText "HTTP/1.1 200 OK"
2025-06-28 11:41:25,987 - httpx - INFO - HTTP Request: POST https://api.telegram.org/bot7555815142:AAHy-gudCxhKIs07RyEc8esG9qHOcLm8EbA/getUpdates "HTTP/1.1 200 OK"
2025-06-28 11:41:36,125 - httpx - INFO - HTTP Request: POST https://api.telegram.org/bot7555815142:AAHy-gudCxhKIs07RyEc8esG9qHOcLm8EbA/getUpdates "HTTP/1.1 200 OK"
2025-06-28 11:41:46,263 - httpx - INFO - HTTP Request: POST https://api.telegram.org/bot7555815142:AAHy-gudCxhKIs07RyEc8esG9qHOcLm8EbA/getUpdates "HTTP/1.1 200 OK"
2025-06-28 11:41:56,321 - httpx - INFO - HTTP Request: POST https://api.telegram.org/bot7555815142:AAHy-gudCxhKIs07RyEc8esG9qHOcLm8EbA/getUpdates "HTTP/1.1 200 OK"
2025-06-28 11:42:06,436 - httpx - INFO - HTTP Request: POST https://api.telegram.org/bot7555815142:AAHy-gudCxhKIs07RyEc8esG9qHOcLm8EbA/getUpdates "HTTP/1.1 200 OK"
2025-06-28 11:42:16,574 - httpx - INFO - HTTP Request: POST https://api.telegram.org/bot7555815142:AAHy-gudCxhKIs07RyEc8esG9qHOcLm8EbA/getUpdates "HTTP/1.1 200 OK"
2025-06-28 11:42:26,713 - httpx - INFO - HTTP Request: POST https://api.telegram.org/bot7555815142:AAHy-gudCxhKIs07RyEc8esG9qHOcLm8EbA/getUpdates "HTTP/1.1 200 OK"
2025-06-28 11:42:36,851 - httpx - INFO - HTTP Request: POST https://api.telegram.org/bot7555815142:AAHy-gudCxhKIs07RyEc8esG9qHOcLm8EbA/getUpdates "HTTP/1.1 200 OK"
2025-06-28 11:42:46,990 - httpx - INFO - HTTP Request: POST https://api.telegram.org/bot7555815142:AAHy-gudCxhKIs07RyEc8esG9qHOcLm8EbA/getUpdates "HTTP/1.1 200 OK"
2025-06-28 11:42:57,128 - httpx - INFO - HTTP Request: POST https://api.telegram.org/bot7555815142:AAHy-gudCxhKIs07RyEc8esG9qHOcLm8EbA/getUpdates "HTTP/1.1 200 OK"
2025-06-28 11:43:07,188 - httpx - INFO - HTTP Request: POST https://api.telegram.org/bot7555815142:AAHy-gudCxhKIs07RyEc8esG9qHOcLm8EbA/getUpdates "HTTP/1.1 200 OK"
2025-06-28 11:43:17,246 - httpx - INFO - HTTP Request: POST https://api.telegram.org/bot7555815142:AAHy-gudCxhKIs07RyEc8esG9qHOcLm8EbA/getUpdates "HTTP/1.1 200 OK"
2025-06-28 11:43:27,337 - httpx - INFO - HTTP Request: POST https://api.telegram.org/bot7555815142:AAHy-gudCxhKIs07RyEc8esG9qHOcLm8EbA/getUpdates "HTTP/1.1 200 OK"
2025-06-28 11:43:37,476 - httpx - INFO - HTTP Request: POST https://api.telegram.org/bot7555815142:AAHy-gudCxhKIs07RyEc8esG9qHOcLm8EbA/getUpdates "HTTP/1.1 200 OK"
2025-06-28 11:43:47,613 - httpx - INFO - HTTP Request: POST https://api.telegram.org/bot7555815142:AAHy-gudCxhKIs07RyEc8esG9qHOcLm8EbA/getUpdates "HTTP/1.1 200 OK"
2025-06-28 11:43:57,763 - httpx - INFO - HTTP Request: POST https://api.telegram.org/bot7555815142:AAHy-gudCxhKIs07RyEc8esG9qHOcLm8EbA/getUpdates "HTTP/1.1 200 OK"
2025-06-28 11:44:07,869 - httpx - INFO - HTTP Request: POST https://api.telegram.org/bot7555815142:AAHy-gudCxhKIs07RyEc8esG9qHOcLm8EbA/getUpdates "HTTP/1.1 200 OK"
2025-06-28 11:44:18,027 - httpx - INFO - HTTP Request: POST https://api.telegram.org/bot7555815142:AAHy-gudCxhKIs07RyEc8esG9qHOcLm8EbA/getUpdates "HTTP/1.1 200 OK"
2025-06-28 11:44:28,165 - httpx - INFO - HTTP Request: POST https://api.telegram.org/bot7555815142:AAHy-gudCxhKIs07RyEc8esG9qHOcLm8EbA/getUpdates "HTTP/1.1 200 OK"
2025-06-28 11:44:38,221 - httpx - INFO - HTTP Request: POST https://api.telegram.org/bot7555815142:AAHy-gudCxhKIs07RyEc8esG9qHOcLm8EbA/getUpdates "HTTP/1.1 200 OK"
2025-06-28 11:44:48,338 - httpx - INFO - HTTP Request: POST https://api.telegram.org/bot7555815142:AAHy-gudCxhKIs07RyEc8esG9qHOcLm8EbA/getUpdates "HTTP/1.1 200 OK"
2025-06-28 11:44:58,476 - httpx - INFO - HTTP Request: POST https://api.telegram.org/bot7555815142:AAHy-gudCxhKIs07RyEc8esG9qHOcLm8EbA/getUpdates "HTTP/1.1 200 OK"
2025-06-28 11:45:08,545 - httpx - INFO - HTTP Request: POST https://api.telegram.org/bot7555815142:AAHy-gudCxhKIs07RyEc8esG9qHOcLm8EbA/getUpdates "HTTP/1.1 200 OK"
2025-06-28 11:45:18,604 - httpx - INFO - HTTP Request: POST https://api.telegram.org/bot7555815142:AAHy-gudCxhKIs07RyEc8esG9qHOcLm8EbA/getUpdates "HTTP/1.1 200 OK"
2025-06-28 11:45:28,686 - httpx - INFO - HTTP Request: POST https://api.telegram.org/bot7555815142:AAHy-gudCxhKIs07RyEc8esG9qHOcLm8EbA/getUpdates "HTTP/1.1 200 OK"
2025-06-28 11:45:38,824 - httpx - INFO - HTTP Request: POST https://api.telegram.org/bot7555815142:AAHy-gudCxhKIs07RyEc8esG9qHOcLm8EbA/getUpdates "HTTP/1.1 200 OK"
2025-06-28 11:45:48,933 - httpx - INFO - HTTP Request: POST https://api.telegram.org/bot7555815142:AAHy-gudCxhKIs07RyEc8esG9qHOcLm8EbA/getUpdates "HTTP/1.1 200 OK"
2025-06-28 11:45:59,098 - httpx - INFO - HTTP Request: POST https://api.telegram.org/bot7555815142:AAHy-gudCxhKIs07RyEc8esG9qHOcLm8EbA/getUpdates "HTTP/1.1 200 OK"
2025-06-28 11:46:09,159 - httpx - INFO - HTTP Request: POST https://api.telegram.org/bot7555815142:AAHy-gudCxhKIs07RyEc8esG9qHOcLm8EbA/getUpdates "HTTP/1.1 200 OK"
2025-06-28 11:46:19,274 - httpx - INFO - HTTP Request: POST https://api.telegram.org/bot7555815142:AAHy-gudCxhKIs07RyEc8esG9qHOcLm8EbA/getUpdates "HTTP/1.1 200 OK"
2025-06-28 11:46:29,330 - httpx - INFO - HTTP Request: POST https://api.telegram.org/bot7555815142:AAHy-gudCxhKIs07RyEc8esG9qHOcLm8EbA/getUpdates "HTTP/1.1 200 OK"
2025-06-28 11:46:39,457 - httpx - INFO - HTTP Request: POST https://api.telegram.org/bot7555815142:AAHy-gudCxhKIs07RyEc8esG9qHOcLm8EbA/getUpdates "HTTP/1.1 200 OK"
2025-06-28 11:46:49,524 - httpx - INFO - HTTP Request: POST https://api.telegram.org/bot7555815142:AAHy-gudCxhKIs07RyEc8esG9qHOcLm8EbA/getUpdates "HTTP/1.1 200 OK"
2025-06-28 11:46:59,729 - httpx - INFO - HTTP Request: POST https://api.telegram.org/bot7555815142:AAHy-gudCxhKIs07RyEc8esG9qHOcLm8EbA/getUpdates "HTTP/1.1 200 OK"
2025-06-28 11:47:09,875 - httpx - INFO - HTTP Request: POST https://api.telegram.org/bot7555815142:AAHy-gudCxhKIs07RyEc8esG9qHOcLm8EbA/getUpdates "HTTP/1.1 200 OK"
2025-06-28 11:47:20,000 - httpx - INFO - HTTP Request: POST https://api.telegram.org/bot7555815142:AAHy-gudCxhKIs07RyEc8esG9qHOcLm8EbA/getUpdates "HTTP/1.1 200 OK"
2025-06-28 11:47:30,139 - httpx - INFO - HTTP Request: POST https://api.telegram.org/bot7555815142:AAHy-gudCxhKIs07RyEc8esG9qHOcLm8EbA/getUpdates "HTTP/1.1 200 OK"
2025-06-28 11:47:40,194 - httpx - INFO - HTTP Request: POST https://api.telegram.org/bot7555815142:AAHy-gudCxhKIs07RyEc8esG9qHOcLm8EbA/getUpdates "HTTP/1.1 200 OK"
2025-06-28 11:47:50,258 - httpx - INFO - HTTP Request: POST https://api.telegram.org/bot7555815142:AAHy-gudCxhKIs07RyEc8esG9qHOcLm8EbA/getUpdates "HTTP/1.1 200 OK"
2025-06-28 11:48:00,317 - httpx - INFO - HTTP Request: POST https://api.telegram.org/bot7555815142:AAHy-gudCxhKIs07RyEc8esG9qHOcLm8EbA/getUpdates "HTTP/1.1 200 OK"
2025-06-28 11:48:10,383 - httpx - INFO - HTTP Request: POST https://api.telegram.org/bot7555815142:AAHy-gudCxhKIs07RyEc8esG9qHOcLm8EbA/getUpdates "HTTP/1.1 200 OK"
2025-06-28 11:48:20,438 - httpx - INFO - HTTP Request: POST https://api.telegram.org/bot7555815142:AAHy-gudCxhKIs07RyEc8esG9qHOcLm8EbA/getUpdates "HTTP/1.1 200 OK"
2025-06-28 11:48:30,497 - httpx - INFO - HTTP Request: POST https://api.telegram.org/bot7555815142:AAHy-gudCxhKIs07RyEc8esG9qHOcLm8EbA/getUpdates "HTTP/1.1 200 OK"
2025-06-28 11:48:40,556 - httpx - INFO - HTTP Request: POST https://api.telegram.org/bot7555815142:AAHy-gudCxhKIs07RyEc8esG9qHOcLm8EbA/getUpdates "HTTP/1.1 200 OK"
2025-06-28 11:48:47,659 - httpx - INFO - HTTP Request: POST https://api.telegram.org/bot7555815142:AAHy-gudCxhKIs07RyEc8esG9qHOcLm8EbA/getUpdates "HTTP/1.1 200 OK"
2025-06-28 11:48:47,888 - httpx - INFO - HTTP Request: POST https://api.telegram.org/bot7555815142:AAHy-gudCxhKIs07RyEc8esG9qHOcLm8EbA/sendMessage "HTTP/1.1 200 OK"
2025-06-28 11:48:49,296 - httpx - INFO - HTTP Request: POST https://api.telegram.org/bot7555815142:AAHy-gudCxhKIs07RyEc8esG9qHOcLm8EbA/getUpdates "HTTP/1.1 200 OK"
2025-06-28 11:48:49,470 - httpx - INFO - HTTP Request: POST https://api.telegram.org/bot7555815142:AAHy-gudCxhKIs07RyEc8esG9qHOcLm8EbA/answerCallbackQuery "HTTP/1.1 200 OK"
2025-06-28 11:48:49,581 - httpx - INFO - HTTP Request: POST https://api.telegram.org/bot7555815142:AAHy-gudCxhKIs07RyEc8esG9qHOcLm8EbA/editMessageText "HTTP/1.1 200 OK"
2025-06-28 11:48:54,929 - httpx - INFO - HTTP Request: POST https://api.telegram.org/bot7555815142:AAHy-gudCxhKIs07RyEc8esG9qHOcLm8EbA/getUpdates "HTTP/1.1 200 OK"
2025-06-28 11:48:55,156 - httpx - INFO - HTTP Request: POST https://api.telegram.org/bot7555815142:AAHy-gudCxhKIs07RyEc8esG9qHOcLm8EbA/sendMessage "HTTP/1.1 200 OK"
2025-06-28 11:48:57,797 - httpx - INFO - HTTP Request: POST https://api.telegram.org/bot7555815142:AAHy-gudCxhKIs07RyEc8esG9qHOcLm8EbA/getUpdates "HTTP/1.1 200 OK"
2025-06-28 11:48:57,984 - httpx - INFO - HTTP Request: POST https://api.telegram.org/bot7555815142:AAHy-gudCxhKIs07RyEc8esG9qHOcLm8EbA/sendMessage "HTTP/1.1 200 OK"
2025-06-28 11:48:59,132 - httpx - INFO - HTTP Request: POST https://api.telegram.org/bot7555815142:AAHy-gudCxhKIs07RyEc8esG9qHOcLm8EbA/getUpdates "HTTP/1.1 200 OK"
2025-06-28 11:48:59,210 - httpx - INFO - HTTP Request: POST https://api.telegram.org/bot7555815142:AAHy-gudCxhKIs07RyEc8esG9qHOcLm8EbA/sendMessage "HTTP/1.1 200 OK"
2025-06-28 11:48:59,310 - httpx - INFO - HTTP Request: POST https://api.telegram.org/bot7555815142:AAHy-gudCxhKIs07RyEc8esG9qHOcLm8EbA/sendMessage "HTTP/1.1 200 OK"
2025-06-28 11:48:59,397 - httpx - INFO - HTTP Request: POST https://api.telegram.org/bot7555815142:AAHy-gudCxhKIs07RyEc8esG9qHOcLm8EbA/sendMessage "HTTP/1.1 200 OK"
2025-06-28 11:48:59,792 - httpx - INFO - HTTP Request: POST https://api.telegram.org/bot7555815142:AAHy-gudCxhKIs07RyEc8esG9qHOcLm8EbA/sendMessage "HTTP/1.1 200 OK"
2025-06-28 11:49:09,265 - httpx - INFO - HTTP Request: POST https://api.telegram.org/bot7555815142:AAHy-gudCxhKIs07RyEc8esG9qHOcLm8EbA/getUpdates "HTTP/1.1 200 OK"
2025-06-28 11:49:13,875 - httpx - INFO - HTTP Request: POST https://api.telegram.org/bot7555815142:AAHy-gudCxhKIs07RyEc8esG9qHOcLm8EbA/getUpdates "HTTP/1.1 200 OK"
2025-06-28 11:49:14,057 - httpx - INFO - HTTP Request: POST https://api.telegram.org/bot7555815142:AAHy-gudCxhKIs07RyEc8esG9qHOcLm8EbA/answerCallbackQuery "HTTP/1.1 200 OK"
2025-06-28 11:49:14,143 - httpx - INFO - HTTP Request: POST https://api.telegram.org/bot7555815142:AAHy-gudCxhKIs07RyEc8esG9qHOcLm8EbA/editMessageText "HTTP/1.1 200 OK"
2025-06-28 11:49:14,257 - httpx - INFO - HTTP Request: POST https://api.telegram.org/bot7555815142:AAHy-gudCxhKIs07RyEc8esG9qHOcLm8EbA/sendMessage "HTTP/1.1 200 OK"
2025-06-28 11:49:15,492 - httpx - INFO - HTTP Request: POST https://api.telegram.org/bot7555815142:AAHy-gudCxhKIs07RyEc8esG9qHOcLm8EbA/getUpdates "HTTP/1.1 200 OK"
2025-06-28 11:49:15,677 - httpx - INFO - HTTP Request: POST https://api.telegram.org/bot7555815142:AAHy-gudCxhKIs07RyEc8esG9qHOcLm8EbA/answerCallbackQuery "HTTP/1.1 200 OK"
2025-06-28 11:49:15,835 - httpx - INFO - HTTP Request: POST https://api.telegram.org/bot7555815142:AAHy-gudCxhKIs07RyEc8esG9qHOcLm8EbA/editMessageText "HTTP/1.1 200 OK"
2025-06-28 11:49:18,412 - httpx - INFO - HTTP Request: POST https://api.telegram.org/bot7555815142:AAHy-gudCxhKIs07RyEc8esG9qHOcLm8EbA/getUpdates "HTTP/1.1 200 OK"
2025-06-28 11:49:18,490 - httpx - INFO - HTTP Request: POST https://api.telegram.org/bot7555815142:AAHy-gudCxhKIs07RyEc8esG9qHOcLm8EbA/sendMessage "HTTP/1.1 200 OK"
2025-06-28 11:49:21,419 - httpx - INFO - HTTP Request: POST https://api.telegram.org/bot7555815142:AAHy-gudCxhKIs07RyEc8esG9qHOcLm8EbA/getUpdates "HTTP/1.1 200 OK"
2025-06-28 11:49:21,591 - httpx - INFO - HTTP Request: POST https://api.telegram.org/bot7555815142:AAHy-gudCxhKIs07RyEc8esG9qHOcLm8EbA/sendMessage "HTTP/1.1 200 OK"
2025-06-28 11:49:23,193 - httpx - INFO - HTTP Request: POST https://api.telegram.org/bot7555815142:AAHy-gudCxhKIs07RyEc8esG9qHOcLm8EbA/getUpdates "HTTP/1.1 200 OK"
2025-06-28 11:49:23,309 - httpx - INFO - HTTP Request: POST https://api.telegram.org/bot7555815142:AAHy-gudCxhKIs07RyEc8esG9qHOcLm8EbA/sendMessage "HTTP/1.1 200 OK"
2025-06-28 11:49:23,423 - httpx - INFO - HTTP Request: POST https://api.telegram.org/bot7555815142:AAHy-gudCxhKIs07RyEc8esG9qHOcLm8EbA/sendMessage "HTTP/1.1 200 OK"
2025-06-28 11:49:23,524 - httpx - INFO - HTTP Request: POST https://api.telegram.org/bot7555815142:AAHy-gudCxhKIs07RyEc8esG9qHOcLm8EbA/sendMessage "HTTP/1.1 200 OK"
2025-06-28 11:49:23,914 - httpx - INFO - HTTP Request: POST https://api.telegram.org/bot7555815142:AAHy-gudCxhKIs07RyEc8esG9qHOcLm8EbA/sendMessage "HTTP/1.1 200 OK"
2025-06-28 11:49:24,311 - httpx - INFO - HTTP Request: POST https://api.telegram.org/bot7555815142:AAHy-gudCxhKIs07RyEc8esG9qHOcLm8EbA/sendMessage "HTTP/1.1 200 OK"
2025-06-28 11:49:30,975 - httpx - INFO - HTTP Request: POST https://api.telegram.org/bot7555815142:AAHy-gudCxhKIs07RyEc8esG9qHOcLm8EbA/getUpdates "HTTP/1.1 200 OK"
2025-06-28 11:49:31,215 - httpx - INFO - HTTP Request: POST https://api.telegram.org/bot7555815142:AAHy-gudCxhKIs07RyEc8esG9qHOcLm8EbA/answerCallbackQuery "HTTP/1.1 200 OK"
2025-06-28 11:49:31,401 - httpx - INFO - HTTP Request: POST https://api.telegram.org/bot7555815142:AAHy-gudCxhKIs07RyEc8esG9qHOcLm8EbA/editMessageText "HTTP/1.1 200 OK"
2025-06-28 11:49:41,031 - httpx - INFO - HTTP Request: POST https://api.telegram.org/bot7555815142:AAHy-gudCxhKIs07RyEc8esG9qHOcLm8EbA/getUpdates "HTTP/1.1 200 OK"
2025-06-28 11:49:51,096 - httpx - INFO - HTTP Request: POST https://api.telegram.org/bot7555815142:AAHy-gudCxhKIs07RyEc8esG9qHOcLm8EbA/getUpdates "HTTP/1.1 200 OK"
2025-06-28 11:50:01,152 - httpx - INFO - HTTP Request: POST https://api.telegram.org/bot7555815142:AAHy-gudCxhKIs07RyEc8esG9qHOcLm8EbA/getUpdates "HTTP/1.1 200 OK"
2025-06-28 11:50:11,212 - httpx - INFO - HTTP Request: POST https://api.telegram.org/bot7555815142:AAHy-gudCxhKIs07RyEc8esG9qHOcLm8EbA/getUpdates "HTTP/1.1 200 OK"
2025-06-28 11:50:21,358 - httpx - INFO - HTTP Request: POST https://api.telegram.org/bot7555815142:AAHy-gudCxhKIs07RyEc8esG9qHOcLm8EbA/getUpdates "HTTP/1.1 200 OK"
2025-06-28 11:50:31,412 - httpx - INFO - HTTP Request: POST https://api.telegram.org/bot7555815142:AAHy-gudCxhKIs07RyEc8esG9qHOcLm8EbA/getUpdates "HTTP/1.1 200 OK"
2025-06-28 11:50:41,505 - httpx - INFO - HTTP Request: POST https://api.telegram.org/bot7555815142:AAHy-gudCxhKIs07RyEc8esG9qHOcLm8EbA/getUpdates "HTTP/1.1 200 OK"
2025-06-28 11:50:51,569 - httpx - INFO - HTTP Request: POST https://api.telegram.org/bot7555815142:AAHy-gudCxhKIs07RyEc8esG9qHOcLm8EbA/getUpdates "HTTP/1.1 200 OK"
2025-06-28 11:51:01,624 - httpx - INFO - HTTP Request: POST https://api.telegram.org/bot7555815142:AAHy-gudCxhKIs07RyEc8esG9qHOcLm8EbA/getUpdates "HTTP/1.1 200 OK"
2025-06-28 11:51:11,682 - httpx - INFO - HTTP Request: POST https://api.telegram.org/bot7555815142:AAHy-gudCxhKIs07RyEc8esG9qHOcLm8EbA/getUpdates "HTTP/1.1 200 OK"
2025-06-28 11:51:21,777 - httpx - INFO - HTTP Request: POST https://api.telegram.org/bot7555815142:AAHy-gudCxhKIs07RyEc8esG9qHOcLm8EbA/getUpdates "HTTP/1.1 200 OK"
2025-06-28 11:51:31,833 - httpx - INFO - HTTP Request: POST https://api.telegram.org/bot7555815142:AAHy-gudCxhKIs07RyEc8esG9qHOcLm8EbA/getUpdates "HTTP/1.1 200 OK"
2025-06-28 11:51:41,889 - httpx - INFO - HTTP Request: POST https://api.telegram.org/bot7555815142:AAHy-gudCxhKIs07RyEc8esG9qHOcLm8EbA/getUpdates "HTTP/1.1 200 OK"
2025-06-28 11:51:51,988 - httpx - INFO - HTTP Request: POST https://api.telegram.org/bot7555815142:AAHy-gudCxhKIs07RyEc8esG9qHOcLm8EbA/getUpdates "HTTP/1.1 200 OK"
2025-06-28 11:52:02,044 - httpx - INFO - HTTP Request: POST https://api.telegram.org/bot7555815142:AAHy-gudCxhKIs07RyEc8esG9qHOcLm8EbA/getUpdates "HTTP/1.1 200 OK"
